running egg_info
writing build/ServoYSirvo_nav2_puzzlebot/ServoYSirvo_nav2_puzzlebot.egg-info/PKG-INFO
writing dependency_links to build/ServoYSirvo_nav2_puzzlebot/ServoYSirvo_nav2_puzzlebot.egg-info/dependency_links.txt
writing entry points to build/ServoYSirvo_nav2_puzzlebot/ServoYSirvo_nav2_puzzlebot.egg-info/entry_points.txt
writing requirements to build/ServoYSirvo_nav2_puzzlebot/ServoYSirvo_nav2_puzzlebot.egg-info/requires.txt
writing top-level names to build/ServoYSirvo_nav2_puzzlebot/ServoYSirvo_nav2_puzzlebot.egg-info/top_level.txt
reading manifest file 'build/ServoYSirvo_nav2_puzzlebot/ServoYSirvo_nav2_puzzlebot.egg-info/SOURCES.txt'
adding license file 'LICENSE'
writing manifest file 'build/ServoYSirvo_nav2_puzzlebot/ServoYSirvo_nav2_puzzlebot.egg-info/SOURCES.txt'
running build
running build_py
copying ServoYSirvo_nav2_puzzlebot/localisation.py -> /home/victorn65/ros2_ws/src/ServoYSirvo_nav2_puzzlebot/build/ServoYSirvo_nav2_puzzlebot/build/lib/ServoYSirvo_nav2_puzzlebot
running install
running install_lib
creating /home/victorn65/ros2_ws/src/ServoYSirvo_nav2_puzzlebot/install/ServoYSirvo_nav2_puzzlebot/lib/python3.10/site-packages/ServoYSirvo_nav2_puzzlebot
copying /home/victorn65/ros2_ws/src/ServoYSirvo_nav2_puzzlebot/build/ServoYSirvo_nav2_puzzlebot/build/lib/ServoYSirvo_nav2_puzzlebot/localisation.py -> /home/victorn65/ros2_ws/src/ServoYSirvo_nav2_puzzlebot/install/ServoYSirvo_nav2_puzzlebot/lib/python3.10/site-packages/ServoYSirvo_nav2_puzzlebot
copying /home/victorn65/ros2_ws/src/ServoYSirvo_nav2_puzzlebot/build/ServoYSirvo_nav2_puzzlebot/build/lib/ServoYSirvo_nav2_puzzlebot/uncertainty_ellipse.py -> /home/victorn65/ros2_ws/src/ServoYSirvo_nav2_puzzlebot/install/ServoYSirvo_nav2_puzzlebot/lib/python3.10/site-packages/ServoYSirvo_nav2_puzzlebot
copying /home/victorn65/ros2_ws/src/ServoYSirvo_nav2_puzzlebot/build/ServoYSirvo_nav2_puzzlebot/build/lib/ServoYSirvo_nav2_puzzlebot/puzzlebot_kinematic_model.py -> /home/victorn65/ros2_ws/src/ServoYSirvo_nav2_puzzlebot/install/ServoYSirvo_nav2_puzzlebot/lib/python3.10/site-packages/ServoYSirvo_nav2_puzzlebot
copying /home/victorn65/ros2_ws/src/ServoYSirvo_nav2_puzzlebot/build/ServoYSirvo_nav2_puzzlebot/build/lib/ServoYSirvo_nav2_puzzlebot/static_tf.py -> /home/victorn65/ros2_ws/src/ServoYSirvo_nav2_puzzlebot/install/ServoYSirvo_nav2_puzzlebot/lib/python3.10/site-packages/ServoYSirvo_nav2_puzzlebot
copying /home/victorn65/ros2_ws/src/ServoYSirvo_nav2_puzzlebot/build/ServoYSirvo_nav2_puzzlebot/build/lib/ServoYSirvo_nav2_puzzlebot/dynamic_tf.py -> /home/victorn65/ros2_ws/src/ServoYSirvo_nav2_puzzlebot/install/ServoYSirvo_nav2_puzzlebot/lib/python3.10/site-packages/ServoYSirvo_nav2_puzzlebot
copying /home/victorn65/ros2_ws/src/ServoYSirvo_nav2_puzzlebot/build/ServoYSirvo_nav2_puzzlebot/build/lib/ServoYSirvo_nav2_puzzlebot/__init__.py -> /home/victorn65/ros2_ws/src/ServoYSirvo_nav2_puzzlebot/install/ServoYSirvo_nav2_puzzlebot/lib/python3.10/site-packages/ServoYSirvo_nav2_puzzlebot
copying /home/victorn65/ros2_ws/src/ServoYSirvo_nav2_puzzlebot/build/ServoYSirvo_nav2_puzzlebot/build/lib/ServoYSirvo_nav2_puzzlebot/point_stabilisation_control.py -> /home/victorn65/ros2_ws/src/ServoYSirvo_nav2_puzzlebot/install/ServoYSirvo_nav2_puzzlebot/lib/python3.10/site-packages/ServoYSirvo_nav2_puzzlebot
copying /home/victorn65/ros2_ws/src/ServoYSirvo_nav2_puzzlebot/build/ServoYSirvo_nav2_puzzlebot/build/lib/ServoYSirvo_nav2_puzzlebot/joint_state_pub.py -> /home/victorn65/ros2_ws/src/ServoYSirvo_nav2_puzzlebot/install/ServoYSirvo_nav2_puzzlebot/lib/python3.10/site-packages/ServoYSirvo_nav2_puzzlebot
byte-compiling /home/victorn65/ros2_ws/src/ServoYSirvo_nav2_puzzlebot/install/ServoYSirvo_nav2_puzzlebot/lib/python3.10/site-packages/ServoYSirvo_nav2_puzzlebot/localisation.py to localisation.cpython-310.pyc
byte-compiling /home/victorn65/ros2_ws/src/ServoYSirvo_nav2_puzzlebot/install/ServoYSirvo_nav2_puzzlebot/lib/python3.10/site-packages/ServoYSirvo_nav2_puzzlebot/uncertainty_ellipse.py to uncertainty_ellipse.cpython-310.pyc
byte-compiling /home/victorn65/ros2_ws/src/ServoYSirvo_nav2_puzzlebot/install/ServoYSirvo_nav2_puzzlebot/lib/python3.10/site-packages/ServoYSirvo_nav2_puzzlebot/puzzlebot_kinematic_model.py to puzzlebot_kinematic_model.cpython-310.pyc
byte-compiling /home/victorn65/ros2_ws/src/ServoYSirvo_nav2_puzzlebot/install/ServoYSirvo_nav2_puzzlebot/lib/python3.10/site-packages/ServoYSirvo_nav2_puzzlebot/static_tf.py to static_tf.cpython-310.pyc
byte-compiling /home/victorn65/ros2_ws/src/ServoYSirvo_nav2_puzzlebot/install/ServoYSirvo_nav2_puzzlebot/lib/python3.10/site-packages/ServoYSirvo_nav2_puzzlebot/dynamic_tf.py to dynamic_tf.cpython-310.pyc
byte-compiling /home/victorn65/ros2_ws/src/ServoYSirvo_nav2_puzzlebot/install/ServoYSirvo_nav2_puzzlebot/lib/python3.10/site-packages/ServoYSirvo_nav2_puzzlebot/__init__.py to __init__.cpython-310.pyc
byte-compiling /home/victorn65/ros2_ws/src/ServoYSirvo_nav2_puzzlebot/install/ServoYSirvo_nav2_puzzlebot/lib/python3.10/site-packages/ServoYSirvo_nav2_puzzlebot/point_stabilisation_control.py to point_stabilisation_control.cpython-310.pyc
byte-compiling /home/victorn65/ros2_ws/src/ServoYSirvo_nav2_puzzlebot/install/ServoYSirvo_nav2_puzzlebot/lib/python3.10/site-packages/ServoYSirvo_nav2_puzzlebot/joint_state_pub.py to joint_state_pub.cpython-310.pyc
running install_data
creating /home/victorn65/ros2_ws/src/ServoYSirvo_nav2_puzzlebot/install/ServoYSirvo_nav2_puzzlebot/share/ament_index
creating /home/victorn65/ros2_ws/src/ServoYSirvo_nav2_puzzlebot/install/ServoYSirvo_nav2_puzzlebot/share/ament_index/resource_index
creating /home/victorn65/ros2_ws/src/ServoYSirvo_nav2_puzzlebot/install/ServoYSirvo_nav2_puzzlebot/share/ament_index/resource_index/packages
copying resource/ServoYSirvo_nav2_puzzlebot -> /home/victorn65/ros2_ws/src/ServoYSirvo_nav2_puzzlebot/install/ServoYSirvo_nav2_puzzlebot/share/ament_index/resource_index/packages
copying launch/gazebo_example_launch.py -> /home/victorn65/ros2_ws/src/ServoYSirvo_nav2_puzzlebot/install/ServoYSirvo_nav2_puzzlebot/share/ServoYSirvo_nav2_puzzlebot/launch
copying launch/bringup_simulation_simple_launch.py -> /home/victorn65/ros2_ws/src/ServoYSirvo_nav2_puzzlebot/install/ServoYSirvo_nav2_puzzlebot/share/ServoYSirvo_nav2_puzzlebot/launch
copying launch/puzzlebot_sim_launch.py -> /home/victorn65/ros2_ws/src/ServoYSirvo_nav2_puzzlebot/install/ServoYSirvo_nav2_puzzlebot/share/ServoYSirvo_nav2_puzzlebot/launch
copying models/puzzlebot_camera/meshes/wheel.dae -> /home/victorn65/ros2_ws/src/ServoYSirvo_nav2_puzzlebot/install/ServoYSirvo_nav2_puzzlebot/share/ServoYSirvo_nav2_puzzlebot/models/puzzlebot_camera/meshes
creating /home/victorn65/ros2_ws/src/ServoYSirvo_nav2_puzzlebot/install/ServoYSirvo_nav2_puzzlebot/share/ServoYSirvo_nav2_puzzlebot/models/plugins
copying models/plugins/libDiffDynamicPlugin.so -> /home/victorn65/ros2_ws/src/ServoYSirvo_nav2_puzzlebot/install/ServoYSirvo_nav2_puzzlebot/share/ServoYSirvo_nav2_puzzlebot/models/plugins
creating /home/victorn65/ros2_ws/src/ServoYSirvo_nav2_puzzlebot/install/ServoYSirvo_nav2_puzzlebot/share/ServoYSirvo_nav2_puzzlebot/models/goal_marker_2
copying models/goal_marker_2/model.sdf -> /home/victorn65/ros2_ws/src/ServoYSirvo_nav2_puzzlebot/install/ServoYSirvo_nav2_puzzlebot/share/ServoYSirvo_nav2_puzzlebot/models/goal_marker_2
copying models/goal_marker_2/model.config -> /home/victorn65/ros2_ws/src/ServoYSirvo_nav2_puzzlebot/install/ServoYSirvo_nav2_puzzlebot/share/ServoYSirvo_nav2_puzzlebot/models/goal_marker_2
creating /home/victorn65/ros2_ws/src/ServoYSirvo_nav2_puzzlebot/install/ServoYSirvo_nav2_puzzlebot/share/ServoYSirvo_nav2_puzzlebot/models/goal_marker_2/materials
creating /home/victorn65/ros2_ws/src/ServoYSirvo_nav2_puzzlebot/install/ServoYSirvo_nav2_puzzlebot/share/ServoYSirvo_nav2_puzzlebot/models/goal_marker_2/materials/textures
copying models/goal_marker_2/materials/textures/mcr2_goal_2.png -> /home/victorn65/ros2_ws/src/ServoYSirvo_nav2_puzzlebot/install/ServoYSirvo_nav2_puzzlebot/share/ServoYSirvo_nav2_puzzlebot/models/goal_marker_2/materials/textures
creating /home/victorn65/ros2_ws/src/ServoYSirvo_nav2_puzzlebot/install/ServoYSirvo_nav2_puzzlebot/share/ServoYSirvo_nav2_puzzlebot/models/aruco001_cv
copying models/aruco001_cv/model.sdf -> /home/victorn65/ros2_ws/src/ServoYSirvo_nav2_puzzlebot/install/ServoYSirvo_nav2_puzzlebot/share/ServoYSirvo_nav2_puzzlebot/models/aruco001_cv
copying models/aruco001_cv/model.config -> /home/victorn65/ros2_ws/src/ServoYSirvo_nav2_puzzlebot/install/ServoYSirvo_nav2_puzzlebot/share/ServoYSirvo_nav2_puzzlebot/models/aruco001_cv
creating /home/victorn65/ros2_ws/src/ServoYSirvo_nav2_puzzlebot/install/ServoYSirvo_nav2_puzzlebot/share/ServoYSirvo_nav2_puzzlebot/models/aruco001_cv/materials
creating /home/victorn65/ros2_ws/src/ServoYSirvo_nav2_puzzlebot/install/ServoYSirvo_nav2_puzzlebot/share/ServoYSirvo_nav2_puzzlebot/models/aruco001_cv/materials/textures
copying models/aruco001_cv/materials/textures/4x4_50_001.png -> /home/victorn65/ros2_ws/src/ServoYSirvo_nav2_puzzlebot/install/ServoYSirvo_nav2_puzzlebot/share/ServoYSirvo_nav2_puzzlebot/models/aruco001_cv/materials/textures
creating /home/victorn65/ros2_ws/src/ServoYSirvo_nav2_puzzlebot/install/ServoYSirvo_nav2_puzzlebot/share/ServoYSirvo_nav2_puzzlebot/models/aruco001_cv/meshes
copying models/aruco001_cv/meshes/aruco001.dae -> /home/victorn65/ros2_ws/src/ServoYSirvo_nav2_puzzlebot/install/ServoYSirvo_nav2_puzzlebot/share/ServoYSirvo_nav2_puzzlebot/models/aruco001_cv/meshes
creating /home/victorn65/ros2_ws/src/ServoYSirvo_nav2_puzzlebot/install/ServoYSirvo_nav2_puzzlebot/share/ServoYSirvo_nav2_puzzlebot/models/goal_marker_4
copying models/goal_marker_4/model.sdf -> /home/victorn65/ros2_ws/src/ServoYSirvo_nav2_puzzlebot/install/ServoYSirvo_nav2_puzzlebot/share/ServoYSirvo_nav2_puzzlebot/models/goal_marker_4
copying models/goal_marker_4/model.config -> /home/victorn65/ros2_ws/src/ServoYSirvo_nav2_puzzlebot/install/ServoYSirvo_nav2_puzzlebot/share/ServoYSirvo_nav2_puzzlebot/models/goal_marker_4
creating /home/victorn65/ros2_ws/src/ServoYSirvo_nav2_puzzlebot/install/ServoYSirvo_nav2_puzzlebot/share/ServoYSirvo_nav2_puzzlebot/models/goal_marker_4/materials
creating /home/victorn65/ros2_ws/src/ServoYSirvo_nav2_puzzlebot/install/ServoYSirvo_nav2_puzzlebot/share/ServoYSirvo_nav2_puzzlebot/models/goal_marker_4/materials/textures
copying models/goal_marker_4/materials/textures/mcr2_goal_4.png -> /home/victorn65/ros2_ws/src/ServoYSirvo_nav2_puzzlebot/install/ServoYSirvo_nav2_puzzlebot/share/ServoYSirvo_nav2_puzzlebot/models/goal_marker_4/materials/textures
creating /home/victorn65/ros2_ws/src/ServoYSirvo_nav2_puzzlebot/install/ServoYSirvo_nav2_puzzlebot/share/ServoYSirvo_nav2_puzzlebot/models/puzzlebot_base
copying models/puzzlebot_base/model.sdf -> /home/victorn65/ros2_ws/src/ServoYSirvo_nav2_puzzlebot/install/ServoYSirvo_nav2_puzzlebot/share/ServoYSirvo_nav2_puzzlebot/models/puzzlebot_base
copying models/puzzlebot_base/model.config -> /home/victorn65/ros2_ws/src/ServoYSirvo_nav2_puzzlebot/install/ServoYSirvo_nav2_puzzlebot/share/ServoYSirvo_nav2_puzzlebot/models/puzzlebot_base
creating /home/victorn65/ros2_ws/src/ServoYSirvo_nav2_puzzlebot/install/ServoYSirvo_nav2_puzzlebot/share/ServoYSirvo_nav2_puzzlebot/models/puzzlebot_base/materials
creating /home/victorn65/ros2_ws/src/ServoYSirvo_nav2_puzzlebot/install/ServoYSirvo_nav2_puzzlebot/share/ServoYSirvo_nav2_puzzlebot/models/puzzlebot_base/materials/textures
copying models/puzzlebot_base/materials/textures/puzzlebot_wood_6.png -> /home/victorn65/ros2_ws/src/ServoYSirvo_nav2_puzzlebot/install/ServoYSirvo_nav2_puzzlebot/share/ServoYSirvo_nav2_puzzlebot/models/puzzlebot_base/materials/textures
creating /home/victorn65/ros2_ws/src/ServoYSirvo_nav2_puzzlebot/install/ServoYSirvo_nav2_puzzlebot/share/ServoYSirvo_nav2_puzzlebot/models/avoidance_world_2
copying models/avoidance_world_2/model.sdf -> /home/victorn65/ros2_ws/src/ServoYSirvo_nav2_puzzlebot/install/ServoYSirvo_nav2_puzzlebot/share/ServoYSirvo_nav2_puzzlebot/models/avoidance_world_2
copying models/avoidance_world_2/model.config -> /home/victorn65/ros2_ws/src/ServoYSirvo_nav2_puzzlebot/install/ServoYSirvo_nav2_puzzlebot/share/ServoYSirvo_nav2_puzzlebot/models/avoidance_world_2
creating /home/victorn65/ros2_ws/src/ServoYSirvo_nav2_puzzlebot/install/ServoYSirvo_nav2_puzzlebot/share/ServoYSirvo_nav2_puzzlebot/models/aruco003_cv
copying models/aruco003_cv/model.sdf -> /home/victorn65/ros2_ws/src/ServoYSirvo_nav2_puzzlebot/install/ServoYSirvo_nav2_puzzlebot/share/ServoYSirvo_nav2_puzzlebot/models/aruco003_cv
copying models/aruco003_cv/model.config -> /home/victorn65/ros2_ws/src/ServoYSirvo_nav2_puzzlebot/install/ServoYSirvo_nav2_puzzlebot/share/ServoYSirvo_nav2_puzzlebot/models/aruco003_cv
creating /home/victorn65/ros2_ws/src/ServoYSirvo_nav2_puzzlebot/install/ServoYSirvo_nav2_puzzlebot/share/ServoYSirvo_nav2_puzzlebot/models/aruco003_cv/materials
creating /home/victorn65/ros2_ws/src/ServoYSirvo_nav2_puzzlebot/install/ServoYSirvo_nav2_puzzlebot/share/ServoYSirvo_nav2_puzzlebot/models/aruco003_cv/materials/textures
copying models/aruco003_cv/materials/textures/4x4_50_003.png -> /home/victorn65/ros2_ws/src/ServoYSirvo_nav2_puzzlebot/install/ServoYSirvo_nav2_puzzlebot/share/ServoYSirvo_nav2_puzzlebot/models/aruco003_cv/materials/textures
creating /home/victorn65/ros2_ws/src/ServoYSirvo_nav2_puzzlebot/install/ServoYSirvo_nav2_puzzlebot/share/ServoYSirvo_nav2_puzzlebot/models/aruco003_cv/meshes
copying models/aruco003_cv/meshes/aruco003.dae -> /home/victorn65/ros2_ws/src/ServoYSirvo_nav2_puzzlebot/install/ServoYSirvo_nav2_puzzlebot/share/ServoYSirvo_nav2_puzzlebot/models/aruco003_cv/meshes
creating /home/victorn65/ros2_ws/src/ServoYSirvo_nav2_puzzlebot/install/ServoYSirvo_nav2_puzzlebot/share/ServoYSirvo_nav2_puzzlebot/models/aruco_marker_0
copying models/aruco_marker_0/model.sdf -> /home/victorn65/ros2_ws/src/ServoYSirvo_nav2_puzzlebot/install/ServoYSirvo_nav2_puzzlebot/share/ServoYSirvo_nav2_puzzlebot/models/aruco_marker_0
copying models/aruco_marker_0/model.config -> /home/victorn65/ros2_ws/src/ServoYSirvo_nav2_puzzlebot/install/ServoYSirvo_nav2_puzzlebot/share/ServoYSirvo_nav2_puzzlebot/models/aruco_marker_0
creating /home/victorn65/ros2_ws/src/ServoYSirvo_nav2_puzzlebot/install/ServoYSirvo_nav2_puzzlebot/share/ServoYSirvo_nav2_puzzlebot/models/aruco_marker_0/materials
creating /home/victorn65/ros2_ws/src/ServoYSirvo_nav2_puzzlebot/install/ServoYSirvo_nav2_puzzlebot/share/ServoYSirvo_nav2_puzzlebot/models/aruco_marker_0/materials/textures
copying models/aruco_marker_0/materials/textures/marker0.png -> /home/victorn65/ros2_ws/src/ServoYSirvo_nav2_puzzlebot/install/ServoYSirvo_nav2_puzzlebot/share/ServoYSirvo_nav2_puzzlebot/models/aruco_marker_0/materials/textures
creating /home/victorn65/ros2_ws/src/ServoYSirvo_nav2_puzzlebot/install/ServoYSirvo_nav2_puzzlebot/share/ServoYSirvo_nav2_puzzlebot/models/aruco001
copying models/aruco001/model.sdf -> /home/victorn65/ros2_ws/src/ServoYSirvo_nav2_puzzlebot/install/ServoYSirvo_nav2_puzzlebot/share/ServoYSirvo_nav2_puzzlebot/models/aruco001
copying models/aruco001/model.config -> /home/victorn65/ros2_ws/src/ServoYSirvo_nav2_puzzlebot/install/ServoYSirvo_nav2_puzzlebot/share/ServoYSirvo_nav2_puzzlebot/models/aruco001
creating /home/victorn65/ros2_ws/src/ServoYSirvo_nav2_puzzlebot/install/ServoYSirvo_nav2_puzzlebot/share/ServoYSirvo_nav2_puzzlebot/models/aruco001/materials
creating /home/victorn65/ros2_ws/src/ServoYSirvo_nav2_puzzlebot/install/ServoYSirvo_nav2_puzzlebot/share/ServoYSirvo_nav2_puzzlebot/models/aruco001/materials/textures
copying models/aruco001/materials/textures/16h3_001.png -> /home/victorn65/ros2_ws/src/ServoYSirvo_nav2_puzzlebot/install/ServoYSirvo_nav2_puzzlebot/share/ServoYSirvo_nav2_puzzlebot/models/aruco001/materials/textures
creating /home/victorn65/ros2_ws/src/ServoYSirvo_nav2_puzzlebot/install/ServoYSirvo_nav2_puzzlebot/share/ServoYSirvo_nav2_puzzlebot/models/aruco001/meshes
copying models/aruco001/meshes/aruco001.dae -> /home/victorn65/ros2_ws/src/ServoYSirvo_nav2_puzzlebot/install/ServoYSirvo_nav2_puzzlebot/share/ServoYSirvo_nav2_puzzlebot/models/aruco001/meshes
creating /home/victorn65/ros2_ws/src/ServoYSirvo_nav2_puzzlebot/install/ServoYSirvo_nav2_puzzlebot/share/ServoYSirvo_nav2_puzzlebot/models/avoidance_world_3
copying models/avoidance_world_3/model.sdf -> /home/victorn65/ros2_ws/src/ServoYSirvo_nav2_puzzlebot/install/ServoYSirvo_nav2_puzzlebot/share/ServoYSirvo_nav2_puzzlebot/models/avoidance_world_3
copying models/avoidance_world_3/model.config -> /home/victorn65/ros2_ws/src/ServoYSirvo_nav2_puzzlebot/install/ServoYSirvo_nav2_puzzlebot/share/ServoYSirvo_nav2_puzzlebot/models/avoidance_world_3
creating /home/victorn65/ros2_ws/src/ServoYSirvo_nav2_puzzlebot/install/ServoYSirvo_nav2_puzzlebot/share/ServoYSirvo_nav2_puzzlebot/models/modulo3_world
copying models/modulo3_world/model.sdf -> /home/victorn65/ros2_ws/src/ServoYSirvo_nav2_puzzlebot/install/ServoYSirvo_nav2_puzzlebot/share/ServoYSirvo_nav2_puzzlebot/models/modulo3_world
copying models/modulo3_world/model.config -> /home/victorn65/ros2_ws/src/ServoYSirvo_nav2_puzzlebot/install/ServoYSirvo_nav2_puzzlebot/share/ServoYSirvo_nav2_puzzlebot/models/modulo3_world
creating /home/victorn65/ros2_ws/src/ServoYSirvo_nav2_puzzlebot/install/ServoYSirvo_nav2_puzzlebot/share/ServoYSirvo_nav2_puzzlebot/models/puzzlebot_lidar
copying models/puzzlebot_lidar/model.sdf -> /home/victorn65/ros2_ws/src/ServoYSirvo_nav2_puzzlebot/install/ServoYSirvo_nav2_puzzlebot/share/ServoYSirvo_nav2_puzzlebot/models/puzzlebot_lidar
copying models/puzzlebot_lidar/model.config -> /home/victorn65/ros2_ws/src/ServoYSirvo_nav2_puzzlebot/install/ServoYSirvo_nav2_puzzlebot/share/ServoYSirvo_nav2_puzzlebot/models/puzzlebot_lidar
creating /home/victorn65/ros2_ws/src/ServoYSirvo_nav2_puzzlebot/install/ServoYSirvo_nav2_puzzlebot/share/ServoYSirvo_nav2_puzzlebot/models/puzzlebot_lidar/meshes
copying models/puzzlebot_lidar/meshes/chassis1.dae -> /home/victorn65/ros2_ws/src/ServoYSirvo_nav2_puzzlebot/install/ServoYSirvo_nav2_puzzlebot/share/ServoYSirvo_nav2_puzzlebot/models/puzzlebot_lidar/meshes
copying models/puzzlebot_lidar/meshes/wheel.dae -> /home/victorn65/ros2_ws/src/ServoYSirvo_nav2_puzzlebot/install/ServoYSirvo_nav2_puzzlebot/share/ServoYSirvo_nav2_puzzlebot/models/puzzlebot_lidar/meshes
creating /home/victorn65/ros2_ws/src/ServoYSirvo_nav2_puzzlebot/install/ServoYSirvo_nav2_puzzlebot/share/ServoYSirvo_nav2_puzzlebot/models/aruco_marker_3
copying models/aruco_marker_3/model.sdf -> /home/victorn65/ros2_ws/src/ServoYSirvo_nav2_puzzlebot/install/ServoYSirvo_nav2_puzzlebot/share/ServoYSirvo_nav2_puzzlebot/models/aruco_marker_3
copying models/aruco_marker_3/model.config -> /home/victorn65/ros2_ws/src/ServoYSirvo_nav2_puzzlebot/install/ServoYSirvo_nav2_puzzlebot/share/ServoYSirvo_nav2_puzzlebot/models/aruco_marker_3
creating /home/victorn65/ros2_ws/src/ServoYSirvo_nav2_puzzlebot/install/ServoYSirvo_nav2_puzzlebot/share/ServoYSirvo_nav2_puzzlebot/models/aruco_marker_3/materials
creating /home/victorn65/ros2_ws/src/ServoYSirvo_nav2_puzzlebot/install/ServoYSirvo_nav2_puzzlebot/share/ServoYSirvo_nav2_puzzlebot/models/aruco_marker_3/materials/textures
copying models/aruco_marker_3/materials/textures/marker3.png -> /home/victorn65/ros2_ws/src/ServoYSirvo_nav2_puzzlebot/install/ServoYSirvo_nav2_puzzlebot/share/ServoYSirvo_nav2_puzzlebot/models/aruco_marker_3/materials/textures
creating /home/victorn65/ros2_ws/src/ServoYSirvo_nav2_puzzlebot/install/ServoYSirvo_nav2_puzzlebot/share/ServoYSirvo_nav2_puzzlebot/models/aruco000_cv
copying models/aruco000_cv/model.sdf -> /home/victorn65/ros2_ws/src/ServoYSirvo_nav2_puzzlebot/install/ServoYSirvo_nav2_puzzlebot/share/ServoYSirvo_nav2_puzzlebot/models/aruco000_cv
copying models/aruco000_cv/model.config -> /home/victorn65/ros2_ws/src/ServoYSirvo_nav2_puzzlebot/install/ServoYSirvo_nav2_puzzlebot/share/ServoYSirvo_nav2_puzzlebot/models/aruco000_cv
creating /home/victorn65/ros2_ws/src/ServoYSirvo_nav2_puzzlebot/install/ServoYSirvo_nav2_puzzlebot/share/ServoYSirvo_nav2_puzzlebot/models/aruco000_cv/materials
creating /home/victorn65/ros2_ws/src/ServoYSirvo_nav2_puzzlebot/install/ServoYSirvo_nav2_puzzlebot/share/ServoYSirvo_nav2_puzzlebot/models/aruco000_cv/materials/textures
copying models/aruco000_cv/materials/textures/4x4_50_000.png -> /home/victorn65/ros2_ws/src/ServoYSirvo_nav2_puzzlebot/install/ServoYSirvo_nav2_puzzlebot/share/ServoYSirvo_nav2_puzzlebot/models/aruco000_cv/materials/textures
creating /home/victorn65/ros2_ws/src/ServoYSirvo_nav2_puzzlebot/install/ServoYSirvo_nav2_puzzlebot/share/ServoYSirvo_nav2_puzzlebot/models/aruco000_cv/meshes
copying models/aruco000_cv/meshes/aruco000.dae -> /home/victorn65/ros2_ws/src/ServoYSirvo_nav2_puzzlebot/install/ServoYSirvo_nav2_puzzlebot/share/ServoYSirvo_nav2_puzzlebot/models/aruco000_cv/meshes
creating /home/victorn65/ros2_ws/src/ServoYSirvo_nav2_puzzlebot/install/ServoYSirvo_nav2_puzzlebot/share/ServoYSirvo_nav2_puzzlebot/models/goal_marker_1
copying models/goal_marker_1/model.sdf -> /home/victorn65/ros2_ws/src/ServoYSirvo_nav2_puzzlebot/install/ServoYSirvo_nav2_puzzlebot/share/ServoYSirvo_nav2_puzzlebot/models/goal_marker_1
copying models/goal_marker_1/model.config -> /home/victorn65/ros2_ws/src/ServoYSirvo_nav2_puzzlebot/install/ServoYSirvo_nav2_puzzlebot/share/ServoYSirvo_nav2_puzzlebot/models/goal_marker_1
creating /home/victorn65/ros2_ws/src/ServoYSirvo_nav2_puzzlebot/install/ServoYSirvo_nav2_puzzlebot/share/ServoYSirvo_nav2_puzzlebot/models/goal_marker_1/materials
creating /home/victorn65/ros2_ws/src/ServoYSirvo_nav2_puzzlebot/install/ServoYSirvo_nav2_puzzlebot/share/ServoYSirvo_nav2_puzzlebot/models/goal_marker_1/materials/textures
copying models/goal_marker_1/materials/textures/mcr2_goal_1.png -> /home/victorn65/ros2_ws/src/ServoYSirvo_nav2_puzzlebot/install/ServoYSirvo_nav2_puzzlebot/share/ServoYSirvo_nav2_puzzlebot/models/goal_marker_1/materials/textures
creating /home/victorn65/ros2_ws/src/ServoYSirvo_nav2_puzzlebot/install/ServoYSirvo_nav2_puzzlebot/share/ServoYSirvo_nav2_puzzlebot/models/puzzlebot
copying models/puzzlebot/model.sdf -> /home/victorn65/ros2_ws/src/ServoYSirvo_nav2_puzzlebot/install/ServoYSirvo_nav2_puzzlebot/share/ServoYSirvo_nav2_puzzlebot/models/puzzlebot
copying models/puzzlebot/model.config -> /home/victorn65/ros2_ws/src/ServoYSirvo_nav2_puzzlebot/install/ServoYSirvo_nav2_puzzlebot/share/ServoYSirvo_nav2_puzzlebot/models/puzzlebot
creating /home/victorn65/ros2_ws/src/ServoYSirvo_nav2_puzzlebot/install/ServoYSirvo_nav2_puzzlebot/share/ServoYSirvo_nav2_puzzlebot/models/puzzlebot/meshes
copying models/puzzlebot/meshes/box13_16.blend -> /home/victorn65/ros2_ws/src/ServoYSirvo_nav2_puzzlebot/install/ServoYSirvo_nav2_puzzlebot/share/ServoYSirvo_nav2_puzzlebot/models/puzzlebot/meshes
copying models/puzzlebot/meshes/camera.stl -> /home/victorn65/ros2_ws/src/ServoYSirvo_nav2_puzzlebot/install/ServoYSirvo_nav2_puzzlebot/share/ServoYSirvo_nav2_puzzlebot/models/puzzlebot/meshes
copying models/puzzlebot/meshes/wheel.blend -> /home/victorn65/ros2_ws/src/ServoYSirvo_nav2_puzzlebot/install/ServoYSirvo_nav2_puzzlebot/share/ServoYSirvo_nav2_puzzlebot/models/puzzlebot/meshes
copying models/puzzlebot/meshes/chassis1.dae -> /home/victorn65/ros2_ws/src/ServoYSirvo_nav2_puzzlebot/install/ServoYSirvo_nav2_puzzlebot/share/ServoYSirvo_nav2_puzzlebot/models/puzzlebot/meshes
copying models/puzzlebot/meshes/world_wall1.blend -> /home/victorn65/ros2_ws/src/ServoYSirvo_nav2_puzzlebot/install/ServoYSirvo_nav2_puzzlebot/share/ServoYSirvo_nav2_puzzlebot/models/puzzlebot/meshes
copying models/puzzlebot/meshes/wheel.blend1 -> /home/victorn65/ros2_ws/src/ServoYSirvo_nav2_puzzlebot/install/ServoYSirvo_nav2_puzzlebot/share/ServoYSirvo_nav2_puzzlebot/models/puzzlebot/meshes
copying models/puzzlebot/meshes/wheel.dae -> /home/victorn65/ros2_ws/src/ServoYSirvo_nav2_puzzlebot/install/ServoYSirvo_nav2_puzzlebot/share/ServoYSirvo_nav2_puzzlebot/models/puzzlebot/meshes
copying models/puzzlebot/meshes/world_wall1.blend1 -> /home/victorn65/ros2_ws/src/ServoYSirvo_nav2_puzzlebot/install/ServoYSirvo_nav2_puzzlebot/share/ServoYSirvo_nav2_puzzlebot/models/puzzlebot/meshes
copying models/puzzlebot/meshes/box9_12.blend -> /home/victorn65/ros2_ws/src/ServoYSirvo_nav2_puzzlebot/install/ServoYSirvo_nav2_puzzlebot/share/ServoYSirvo_nav2_puzzlebot/models/puzzlebot/meshes
copying models/puzzlebot/meshes/box1_4.blend1 -> /home/victorn65/ros2_ws/src/ServoYSirvo_nav2_puzzlebot/install/ServoYSirvo_nav2_puzzlebot/share/ServoYSirvo_nav2_puzzlebot/models/puzzlebot/meshes
copying models/puzzlebot/meshes/box1-5.blend -> /home/victorn65/ros2_ws/src/ServoYSirvo_nav2_puzzlebot/install/ServoYSirvo_nav2_puzzlebot/share/ServoYSirvo_nav2_puzzlebot/models/puzzlebot/meshes
copying models/puzzlebot/meshes/box5_8.blend -> /home/victorn65/ros2_ws/src/ServoYSirvo_nav2_puzzlebot/install/ServoYSirvo_nav2_puzzlebot/share/ServoYSirvo_nav2_puzzlebot/models/puzzlebot/meshes
copying models/puzzlebot/meshes/chassis1.blend -> /home/victorn65/ros2_ws/src/ServoYSirvo_nav2_puzzlebot/install/ServoYSirvo_nav2_puzzlebot/share/ServoYSirvo_nav2_puzzlebot/models/puzzlebot/meshes
copying models/puzzlebot/meshes/chassis1.blend1 -> /home/victorn65/ros2_ws/src/ServoYSirvo_nav2_puzzlebot/install/ServoYSirvo_nav2_puzzlebot/share/ServoYSirvo_nav2_puzzlebot/models/puzzlebot/meshes
copying models/puzzlebot/meshes/chassis.stl -> /home/victorn65/ros2_ws/src/ServoYSirvo_nav2_puzzlebot/install/ServoYSirvo_nav2_puzzlebot/share/ServoYSirvo_nav2_puzzlebot/models/puzzlebot/meshes
copying models/puzzlebot/meshes/wheel.stl -> /home/victorn65/ros2_ws/src/ServoYSirvo_nav2_puzzlebot/install/ServoYSirvo_nav2_puzzlebot/share/ServoYSirvo_nav2_puzzlebot/models/puzzlebot/meshes
copying models/puzzlebot/meshes/box5_8.blend1 -> /home/victorn65/ros2_ws/src/ServoYSirvo_nav2_puzzlebot/install/ServoYSirvo_nav2_puzzlebot/share/ServoYSirvo_nav2_puzzlebot/models/puzzlebot/meshes
creating /home/victorn65/ros2_ws/src/ServoYSirvo_nav2_puzzlebot/install/ServoYSirvo_nav2_puzzlebot/share/ServoYSirvo_nav2_puzzlebot/models/blue_colored_box
copying models/blue_colored_box/model.sdf -> /home/victorn65/ros2_ws/src/ServoYSirvo_nav2_puzzlebot/install/ServoYSirvo_nav2_puzzlebot/share/ServoYSirvo_nav2_puzzlebot/models/blue_colored_box
copying models/blue_colored_box/model.config -> /home/victorn65/ros2_ws/src/ServoYSirvo_nav2_puzzlebot/install/ServoYSirvo_nav2_puzzlebot/share/ServoYSirvo_nav2_puzzlebot/models/blue_colored_box
creating /home/victorn65/ros2_ws/src/ServoYSirvo_nav2_puzzlebot/install/ServoYSirvo_nav2_puzzlebot/share/ServoYSirvo_nav2_puzzlebot/models/aruco_marker_5
copying models/aruco_marker_5/model.sdf -> /home/victorn65/ros2_ws/src/ServoYSirvo_nav2_puzzlebot/install/ServoYSirvo_nav2_puzzlebot/share/ServoYSirvo_nav2_puzzlebot/models/aruco_marker_5
copying models/aruco_marker_5/model.config -> /home/victorn65/ros2_ws/src/ServoYSirvo_nav2_puzzlebot/install/ServoYSirvo_nav2_puzzlebot/share/ServoYSirvo_nav2_puzzlebot/models/aruco_marker_5
creating /home/victorn65/ros2_ws/src/ServoYSirvo_nav2_puzzlebot/install/ServoYSirvo_nav2_puzzlebot/share/ServoYSirvo_nav2_puzzlebot/models/aruco_marker_5/materials
creating /home/victorn65/ros2_ws/src/ServoYSirvo_nav2_puzzlebot/install/ServoYSirvo_nav2_puzzlebot/share/ServoYSirvo_nav2_puzzlebot/models/aruco_marker_5/materials/textures
copying models/aruco_marker_5/materials/textures/marker5.png -> /home/victorn65/ros2_ws/src/ServoYSirvo_nav2_puzzlebot/install/ServoYSirvo_nav2_puzzlebot/share/ServoYSirvo_nav2_puzzlebot/models/aruco_marker_5/materials/textures
creating /home/victorn65/ros2_ws/src/ServoYSirvo_nav2_puzzlebot/install/ServoYSirvo_nav2_puzzlebot/share/ServoYSirvo_nav2_puzzlebot/models/aruco002_cv
copying models/aruco002_cv/model.sdf -> /home/victorn65/ros2_ws/src/ServoYSirvo_nav2_puzzlebot/install/ServoYSirvo_nav2_puzzlebot/share/ServoYSirvo_nav2_puzzlebot/models/aruco002_cv
copying models/aruco002_cv/model.config -> /home/victorn65/ros2_ws/src/ServoYSirvo_nav2_puzzlebot/install/ServoYSirvo_nav2_puzzlebot/share/ServoYSirvo_nav2_puzzlebot/models/aruco002_cv
creating /home/victorn65/ros2_ws/src/ServoYSirvo_nav2_puzzlebot/install/ServoYSirvo_nav2_puzzlebot/share/ServoYSirvo_nav2_puzzlebot/models/aruco002_cv/materials
creating /home/victorn65/ros2_ws/src/ServoYSirvo_nav2_puzzlebot/install/ServoYSirvo_nav2_puzzlebot/share/ServoYSirvo_nav2_puzzlebot/models/aruco002_cv/materials/textures
copying models/aruco002_cv/materials/textures/4x4_50_002.png -> /home/victorn65/ros2_ws/src/ServoYSirvo_nav2_puzzlebot/install/ServoYSirvo_nav2_puzzlebot/share/ServoYSirvo_nav2_puzzlebot/models/aruco002_cv/materials/textures
creating /home/victorn65/ros2_ws/src/ServoYSirvo_nav2_puzzlebot/install/ServoYSirvo_nav2_puzzlebot/share/ServoYSirvo_nav2_puzzlebot/models/aruco002_cv/meshes
copying models/aruco002_cv/meshes/aruco002.dae -> /home/victorn65/ros2_ws/src/ServoYSirvo_nav2_puzzlebot/install/ServoYSirvo_nav2_puzzlebot/share/ServoYSirvo_nav2_puzzlebot/models/aruco002_cv/meshes
creating /home/victorn65/ros2_ws/src/ServoYSirvo_nav2_puzzlebot/install/ServoYSirvo_nav2_puzzlebot/share/ServoYSirvo_nav2_puzzlebot/models/puzzlebot_track
copying models/puzzlebot_track/model.sdf -> /home/victorn65/ros2_ws/src/ServoYSirvo_nav2_puzzlebot/install/ServoYSirvo_nav2_puzzlebot/share/ServoYSirvo_nav2_puzzlebot/models/puzzlebot_track
copying models/puzzlebot_track/model.config -> /home/victorn65/ros2_ws/src/ServoYSirvo_nav2_puzzlebot/install/ServoYSirvo_nav2_puzzlebot/share/ServoYSirvo_nav2_puzzlebot/models/puzzlebot_track
creating /home/victorn65/ros2_ws/src/ServoYSirvo_nav2_puzzlebot/install/ServoYSirvo_nav2_puzzlebot/share/ServoYSirvo_nav2_puzzlebot/models/puzzlebot_track/materials
creating /home/victorn65/ros2_ws/src/ServoYSirvo_nav2_puzzlebot/install/ServoYSirvo_nav2_puzzlebot/share/ServoYSirvo_nav2_puzzlebot/models/puzzlebot_track/materials/textures
copying models/puzzlebot_track/materials/textures/puzzlebot_track.png -> /home/victorn65/ros2_ws/src/ServoYSirvo_nav2_puzzlebot/install/ServoYSirvo_nav2_puzzlebot/share/ServoYSirvo_nav2_puzzlebot/models/puzzlebot_track/materials/textures
creating /home/victorn65/ros2_ws/src/ServoYSirvo_nav2_puzzlebot/install/ServoYSirvo_nav2_puzzlebot/share/ServoYSirvo_nav2_puzzlebot/models/avoidance_world_4
copying models/avoidance_world_4/model.sdf -> /home/victorn65/ros2_ws/src/ServoYSirvo_nav2_puzzlebot/install/ServoYSirvo_nav2_puzzlebot/share/ServoYSirvo_nav2_puzzlebot/models/avoidance_world_4
copying models/avoidance_world_4/model.config -> /home/victorn65/ros2_ws/src/ServoYSirvo_nav2_puzzlebot/install/ServoYSirvo_nav2_puzzlebot/share/ServoYSirvo_nav2_puzzlebot/models/avoidance_world_4
creating /home/victorn65/ros2_ws/src/ServoYSirvo_nav2_puzzlebot/install/ServoYSirvo_nav2_puzzlebot/share/ServoYSirvo_nav2_puzzlebot/models/aruco002
copying models/aruco002/model.sdf -> /home/victorn65/ros2_ws/src/ServoYSirvo_nav2_puzzlebot/install/ServoYSirvo_nav2_puzzlebot/share/ServoYSirvo_nav2_puzzlebot/models/aruco002
copying models/aruco002/model.config -> /home/victorn65/ros2_ws/src/ServoYSirvo_nav2_puzzlebot/install/ServoYSirvo_nav2_puzzlebot/share/ServoYSirvo_nav2_puzzlebot/models/aruco002
creating /home/victorn65/ros2_ws/src/ServoYSirvo_nav2_puzzlebot/install/ServoYSirvo_nav2_puzzlebot/share/ServoYSirvo_nav2_puzzlebot/models/aruco002/materials
creating /home/victorn65/ros2_ws/src/ServoYSirvo_nav2_puzzlebot/install/ServoYSirvo_nav2_puzzlebot/share/ServoYSirvo_nav2_puzzlebot/models/aruco002/materials/textures
copying models/aruco002/materials/textures/16h3_002.png -> /home/victorn65/ros2_ws/src/ServoYSirvo_nav2_puzzlebot/install/ServoYSirvo_nav2_puzzlebot/share/ServoYSirvo_nav2_puzzlebot/models/aruco002/materials/textures
creating /home/victorn65/ros2_ws/src/ServoYSirvo_nav2_puzzlebot/install/ServoYSirvo_nav2_puzzlebot/share/ServoYSirvo_nav2_puzzlebot/models/aruco002/meshes
copying models/aruco002/meshes/aruco002.dae -> /home/victorn65/ros2_ws/src/ServoYSirvo_nav2_puzzlebot/install/ServoYSirvo_nav2_puzzlebot/share/ServoYSirvo_nav2_puzzlebot/models/aruco002/meshes
creating /home/victorn65/ros2_ws/src/ServoYSirvo_nav2_puzzlebot/install/ServoYSirvo_nav2_puzzlebot/share/ServoYSirvo_nav2_puzzlebot/models/empty
copying models/empty/model.sdf -> /home/victorn65/ros2_ws/src/ServoYSirvo_nav2_puzzlebot/install/ServoYSirvo_nav2_puzzlebot/share/ServoYSirvo_nav2_puzzlebot/models/empty
copying models/empty/model.config -> /home/victorn65/ros2_ws/src/ServoYSirvo_nav2_puzzlebot/install/ServoYSirvo_nav2_puzzlebot/share/ServoYSirvo_nav2_puzzlebot/models/empty
creating /home/victorn65/ros2_ws/src/ServoYSirvo_nav2_puzzlebot/install/ServoYSirvo_nav2_puzzlebot/share/ServoYSirvo_nav2_puzzlebot/models/simple_light
copying models/simple_light/model.sdf -> /home/victorn65/ros2_ws/src/ServoYSirvo_nav2_puzzlebot/install/ServoYSirvo_nav2_puzzlebot/share/ServoYSirvo_nav2_puzzlebot/models/simple_light
copying models/simple_light/model.config -> /home/victorn65/ros2_ws/src/ServoYSirvo_nav2_puzzlebot/install/ServoYSirvo_nav2_puzzlebot/share/ServoYSirvo_nav2_puzzlebot/models/simple_light
creating /home/victorn65/ros2_ws/src/ServoYSirvo_nav2_puzzlebot/install/ServoYSirvo_nav2_puzzlebot/share/ServoYSirvo_nav2_puzzlebot/models/aruco003
copying models/aruco003/model.sdf -> /home/victorn65/ros2_ws/src/ServoYSirvo_nav2_puzzlebot/install/ServoYSirvo_nav2_puzzlebot/share/ServoYSirvo_nav2_puzzlebot/models/aruco003
copying models/aruco003/model.config -> /home/victorn65/ros2_ws/src/ServoYSirvo_nav2_puzzlebot/install/ServoYSirvo_nav2_puzzlebot/share/ServoYSirvo_nav2_puzzlebot/models/aruco003
creating /home/victorn65/ros2_ws/src/ServoYSirvo_nav2_puzzlebot/install/ServoYSirvo_nav2_puzzlebot/share/ServoYSirvo_nav2_puzzlebot/models/aruco003/materials
creating /home/victorn65/ros2_ws/src/ServoYSirvo_nav2_puzzlebot/install/ServoYSirvo_nav2_puzzlebot/share/ServoYSirvo_nav2_puzzlebot/models/aruco003/materials/textures
copying models/aruco003/materials/textures/16h3_003.png -> /home/victorn65/ros2_ws/src/ServoYSirvo_nav2_puzzlebot/install/ServoYSirvo_nav2_puzzlebot/share/ServoYSirvo_nav2_puzzlebot/models/aruco003/materials/textures
creating /home/victorn65/ros2_ws/src/ServoYSirvo_nav2_puzzlebot/install/ServoYSirvo_nav2_puzzlebot/share/ServoYSirvo_nav2_puzzlebot/models/aruco003/meshes
copying models/aruco003/meshes/aruco003.dae -> /home/victorn65/ros2_ws/src/ServoYSirvo_nav2_puzzlebot/install/ServoYSirvo_nav2_puzzlebot/share/ServoYSirvo_nav2_puzzlebot/models/aruco003/meshes
creating /home/victorn65/ros2_ws/src/ServoYSirvo_nav2_puzzlebot/install/ServoYSirvo_nav2_puzzlebot/share/ServoYSirvo_nav2_puzzlebot/models/yellow_colored_box
copying models/yellow_colored_box/model.sdf -> /home/victorn65/ros2_ws/src/ServoYSirvo_nav2_puzzlebot/install/ServoYSirvo_nav2_puzzlebot/share/ServoYSirvo_nav2_puzzlebot/models/yellow_colored_box
copying models/yellow_colored_box/model.config -> /home/victorn65/ros2_ws/src/ServoYSirvo_nav2_puzzlebot/install/ServoYSirvo_nav2_puzzlebot/share/ServoYSirvo_nav2_puzzlebot/models/yellow_colored_box
creating /home/victorn65/ros2_ws/src/ServoYSirvo_nav2_puzzlebot/install/ServoYSirvo_nav2_puzzlebot/share/ServoYSirvo_nav2_puzzlebot/models/aruco_box
copying models/aruco_box/model.sdf -> /home/victorn65/ros2_ws/src/ServoYSirvo_nav2_puzzlebot/install/ServoYSirvo_nav2_puzzlebot/share/ServoYSirvo_nav2_puzzlebot/models/aruco_box
copying models/aruco_box/model.config -> /home/victorn65/ros2_ws/src/ServoYSirvo_nav2_puzzlebot/install/ServoYSirvo_nav2_puzzlebot/share/ServoYSirvo_nav2_puzzlebot/models/aruco_box
creating /home/victorn65/ros2_ws/src/ServoYSirvo_nav2_puzzlebot/install/ServoYSirvo_nav2_puzzlebot/share/ServoYSirvo_nav2_puzzlebot/models/aruco_box/materials
creating /home/victorn65/ros2_ws/src/ServoYSirvo_nav2_puzzlebot/install/ServoYSirvo_nav2_puzzlebot/share/ServoYSirvo_nav2_puzzlebot/models/aruco_box/materials/textures
copying models/aruco_box/materials/textures/marker4.png -> /home/victorn65/ros2_ws/src/ServoYSirvo_nav2_puzzlebot/install/ServoYSirvo_nav2_puzzlebot/share/ServoYSirvo_nav2_puzzlebot/models/aruco_box/materials/textures
copying models/aruco_box/materials/textures/marker5.png -> /home/victorn65/ros2_ws/src/ServoYSirvo_nav2_puzzlebot/install/ServoYSirvo_nav2_puzzlebot/share/ServoYSirvo_nav2_puzzlebot/models/aruco_box/materials/textures
copying models/aruco_box/materials/textures/marker1.png -> /home/victorn65/ros2_ws/src/ServoYSirvo_nav2_puzzlebot/install/ServoYSirvo_nav2_puzzlebot/share/ServoYSirvo_nav2_puzzlebot/models/aruco_box/materials/textures
copying models/aruco_box/materials/textures/marker0.png -> /home/victorn65/ros2_ws/src/ServoYSirvo_nav2_puzzlebot/install/ServoYSirvo_nav2_puzzlebot/share/ServoYSirvo_nav2_puzzlebot/models/aruco_box/materials/textures
copying models/aruco_box/materials/textures/marker3.png -> /home/victorn65/ros2_ws/src/ServoYSirvo_nav2_puzzlebot/install/ServoYSirvo_nav2_puzzlebot/share/ServoYSirvo_nav2_puzzlebot/models/aruco_box/materials/textures
copying models/aruco_box/materials/textures/marker2.png -> /home/victorn65/ros2_ws/src/ServoYSirvo_nav2_puzzlebot/install/ServoYSirvo_nav2_puzzlebot/share/ServoYSirvo_nav2_puzzlebot/models/aruco_box/materials/textures
creating /home/victorn65/ros2_ws/src/ServoYSirvo_nav2_puzzlebot/install/ServoYSirvo_nav2_puzzlebot/share/ServoYSirvo_nav2_puzzlebot/models/aruco_marker_2
copying models/aruco_marker_2/model.sdf -> /home/victorn65/ros2_ws/src/ServoYSirvo_nav2_puzzlebot/install/ServoYSirvo_nav2_puzzlebot/share/ServoYSirvo_nav2_puzzlebot/models/aruco_marker_2
copying models/aruco_marker_2/model.config -> /home/victorn65/ros2_ws/src/ServoYSirvo_nav2_puzzlebot/install/ServoYSirvo_nav2_puzzlebot/share/ServoYSirvo_nav2_puzzlebot/models/aruco_marker_2
creating /home/victorn65/ros2_ws/src/ServoYSirvo_nav2_puzzlebot/install/ServoYSirvo_nav2_puzzlebot/share/ServoYSirvo_nav2_puzzlebot/models/aruco_marker_2/materials
creating /home/victorn65/ros2_ws/src/ServoYSirvo_nav2_puzzlebot/install/ServoYSirvo_nav2_puzzlebot/share/ServoYSirvo_nav2_puzzlebot/models/aruco_marker_2/materials/textures
copying models/aruco_marker_2/materials/textures/marker2.png -> /home/victorn65/ros2_ws/src/ServoYSirvo_nav2_puzzlebot/install/ServoYSirvo_nav2_puzzlebot/share/ServoYSirvo_nav2_puzzlebot/models/aruco_marker_2/materials/textures
creating /home/victorn65/ros2_ws/src/ServoYSirvo_nav2_puzzlebot/install/ServoYSirvo_nav2_puzzlebot/share/ServoYSirvo_nav2_puzzlebot/models/aruco_marker_4
copying models/aruco_marker_4/model.sdf -> /home/victorn65/ros2_ws/src/ServoYSirvo_nav2_puzzlebot/install/ServoYSirvo_nav2_puzzlebot/share/ServoYSirvo_nav2_puzzlebot/models/aruco_marker_4
copying models/aruco_marker_4/model.config -> /home/victorn65/ros2_ws/src/ServoYSirvo_nav2_puzzlebot/install/ServoYSirvo_nav2_puzzlebot/share/ServoYSirvo_nav2_puzzlebot/models/aruco_marker_4
creating /home/victorn65/ros2_ws/src/ServoYSirvo_nav2_puzzlebot/install/ServoYSirvo_nav2_puzzlebot/share/ServoYSirvo_nav2_puzzlebot/models/aruco_marker_4/materials
creating /home/victorn65/ros2_ws/src/ServoYSirvo_nav2_puzzlebot/install/ServoYSirvo_nav2_puzzlebot/share/ServoYSirvo_nav2_puzzlebot/models/aruco_marker_4/materials/textures
copying models/aruco_marker_4/materials/textures/marker4.png -> /home/victorn65/ros2_ws/src/ServoYSirvo_nav2_puzzlebot/install/ServoYSirvo_nav2_puzzlebot/share/ServoYSirvo_nav2_puzzlebot/models/aruco_marker_4/materials/textures
creating /home/victorn65/ros2_ws/src/ServoYSirvo_nav2_puzzlebot/install/ServoYSirvo_nav2_puzzlebot/share/ServoYSirvo_nav2_puzzlebot/models/world_wall
copying models/world_wall/model.sdf -> /home/victorn65/ros2_ws/src/ServoYSirvo_nav2_puzzlebot/install/ServoYSirvo_nav2_puzzlebot/share/ServoYSirvo_nav2_puzzlebot/models/world_wall
copying models/world_wall/model.config -> /home/victorn65/ros2_ws/src/ServoYSirvo_nav2_puzzlebot/install/ServoYSirvo_nav2_puzzlebot/share/ServoYSirvo_nav2_puzzlebot/models/world_wall
creating /home/victorn65/ros2_ws/src/ServoYSirvo_nav2_puzzlebot/install/ServoYSirvo_nav2_puzzlebot/share/ServoYSirvo_nav2_puzzlebot/models/world_wall/materials
creating /home/victorn65/ros2_ws/src/ServoYSirvo_nav2_puzzlebot/install/ServoYSirvo_nav2_puzzlebot/share/ServoYSirvo_nav2_puzzlebot/models/world_wall/materials/textures
copying models/world_wall/materials/textures/MapAll.jpg -> /home/victorn65/ros2_ws/src/ServoYSirvo_nav2_puzzlebot/install/ServoYSirvo_nav2_puzzlebot/share/ServoYSirvo_nav2_puzzlebot/models/world_wall/materials/textures
copying models/world_wall/materials/textures/0032-512x512.jpg -> /home/victorn65/ros2_ws/src/ServoYSirvo_nav2_puzzlebot/install/ServoYSirvo_nav2_puzzlebot/share/ServoYSirvo_nav2_puzzlebot/models/world_wall/materials/textures
copying models/world_wall/materials/textures/wood_floor.jpg -> /home/victorn65/ros2_ws/src/ServoYSirvo_nav2_puzzlebot/install/ServoYSirvo_nav2_puzzlebot/share/ServoYSirvo_nav2_puzzlebot/models/world_wall/materials/textures
creating /home/victorn65/ros2_ws/src/ServoYSirvo_nav2_puzzlebot/install/ServoYSirvo_nav2_puzzlebot/share/ServoYSirvo_nav2_puzzlebot/models/world_wall/meshes
copying models/world_wall/meshes/world_wall1.dae -> /home/victorn65/ros2_ws/src/ServoYSirvo_nav2_puzzlebot/install/ServoYSirvo_nav2_puzzlebot/share/ServoYSirvo_nav2_puzzlebot/models/world_wall/meshes
copying models/world_wall/meshes/0032-512x512.jpg -> /home/victorn65/ros2_ws/src/ServoYSirvo_nav2_puzzlebot/install/ServoYSirvo_nav2_puzzlebot/share/ServoYSirvo_nav2_puzzlebot/models/world_wall/meshes
copying models/world_wall/meshes/wood_floor.jpg -> /home/victorn65/ros2_ws/src/ServoYSirvo_nav2_puzzlebot/install/ServoYSirvo_nav2_puzzlebot/share/ServoYSirvo_nav2_puzzlebot/models/world_wall/meshes
creating /home/victorn65/ros2_ws/src/ServoYSirvo_nav2_puzzlebot/install/ServoYSirvo_nav2_puzzlebot/share/ServoYSirvo_nav2_puzzlebot/models/goal_marker_3
copying models/goal_marker_3/model.sdf -> /home/victorn65/ros2_ws/src/ServoYSirvo_nav2_puzzlebot/install/ServoYSirvo_nav2_puzzlebot/share/ServoYSirvo_nav2_puzzlebot/models/goal_marker_3
copying models/goal_marker_3/model.config -> /home/victorn65/ros2_ws/src/ServoYSirvo_nav2_puzzlebot/install/ServoYSirvo_nav2_puzzlebot/share/ServoYSirvo_nav2_puzzlebot/models/goal_marker_3
creating /home/victorn65/ros2_ws/src/ServoYSirvo_nav2_puzzlebot/install/ServoYSirvo_nav2_puzzlebot/share/ServoYSirvo_nav2_puzzlebot/models/goal_marker_3/materials
creating /home/victorn65/ros2_ws/src/ServoYSirvo_nav2_puzzlebot/install/ServoYSirvo_nav2_puzzlebot/share/ServoYSirvo_nav2_puzzlebot/models/goal_marker_3/materials/textures
copying models/goal_marker_3/materials/textures/mcr2_goal_3.png -> /home/victorn65/ros2_ws/src/ServoYSirvo_nav2_puzzlebot/install/ServoYSirvo_nav2_puzzlebot/share/ServoYSirvo_nav2_puzzlebot/models/goal_marker_3/materials/textures
creating /home/victorn65/ros2_ws/src/ServoYSirvo_nav2_puzzlebot/install/ServoYSirvo_nav2_puzzlebot/share/ServoYSirvo_nav2_puzzlebot/models/aruco_marker_1
copying models/aruco_marker_1/model.sdf -> /home/victorn65/ros2_ws/src/ServoYSirvo_nav2_puzzlebot/install/ServoYSirvo_nav2_puzzlebot/share/ServoYSirvo_nav2_puzzlebot/models/aruco_marker_1
copying models/aruco_marker_1/model.config -> /home/victorn65/ros2_ws/src/ServoYSirvo_nav2_puzzlebot/install/ServoYSirvo_nav2_puzzlebot/share/ServoYSirvo_nav2_puzzlebot/models/aruco_marker_1
creating /home/victorn65/ros2_ws/src/ServoYSirvo_nav2_puzzlebot/install/ServoYSirvo_nav2_puzzlebot/share/ServoYSirvo_nav2_puzzlebot/models/aruco_marker_1/materials
creating /home/victorn65/ros2_ws/src/ServoYSirvo_nav2_puzzlebot/install/ServoYSirvo_nav2_puzzlebot/share/ServoYSirvo_nav2_puzzlebot/models/aruco_marker_1/materials/textures
copying models/aruco_marker_1/materials/textures/marker1.png -> /home/victorn65/ros2_ws/src/ServoYSirvo_nav2_puzzlebot/install/ServoYSirvo_nav2_puzzlebot/share/ServoYSirvo_nav2_puzzlebot/models/aruco_marker_1/materials/textures
creating /home/victorn65/ros2_ws/src/ServoYSirvo_nav2_puzzlebot/install/ServoYSirvo_nav2_puzzlebot/share/ServoYSirvo_nav2_puzzlebot/models/goal_marker_5
copying models/goal_marker_5/model.sdf -> /home/victorn65/ros2_ws/src/ServoYSirvo_nav2_puzzlebot/install/ServoYSirvo_nav2_puzzlebot/share/ServoYSirvo_nav2_puzzlebot/models/goal_marker_5
copying models/goal_marker_5/model.config -> /home/victorn65/ros2_ws/src/ServoYSirvo_nav2_puzzlebot/install/ServoYSirvo_nav2_puzzlebot/share/ServoYSirvo_nav2_puzzlebot/models/goal_marker_5
creating /home/victorn65/ros2_ws/src/ServoYSirvo_nav2_puzzlebot/install/ServoYSirvo_nav2_puzzlebot/share/ServoYSirvo_nav2_puzzlebot/models/goal_marker_5/materials
creating /home/victorn65/ros2_ws/src/ServoYSirvo_nav2_puzzlebot/install/ServoYSirvo_nav2_puzzlebot/share/ServoYSirvo_nav2_puzzlebot/models/goal_marker_5/materials/textures
copying models/goal_marker_5/materials/textures/mcr2_goal_5.png -> /home/victorn65/ros2_ws/src/ServoYSirvo_nav2_puzzlebot/install/ServoYSirvo_nav2_puzzlebot/share/ServoYSirvo_nav2_puzzlebot/models/goal_marker_5/materials/textures
creating /home/victorn65/ros2_ws/src/ServoYSirvo_nav2_puzzlebot/install/ServoYSirvo_nav2_puzzlebot/share/ServoYSirvo_nav2_puzzlebot/models/office_floor
copying models/office_floor/model.sdf -> /home/victorn65/ros2_ws/src/ServoYSirvo_nav2_puzzlebot/install/ServoYSirvo_nav2_puzzlebot/share/ServoYSirvo_nav2_puzzlebot/models/office_floor
copying models/office_floor/model.config -> /home/victorn65/ros2_ws/src/ServoYSirvo_nav2_puzzlebot/install/ServoYSirvo_nav2_puzzlebot/share/ServoYSirvo_nav2_puzzlebot/models/office_floor
creating /home/victorn65/ros2_ws/src/ServoYSirvo_nav2_puzzlebot/install/ServoYSirvo_nav2_puzzlebot/share/ServoYSirvo_nav2_puzzlebot/models/office_floor/materials
creating /home/victorn65/ros2_ws/src/ServoYSirvo_nav2_puzzlebot/install/ServoYSirvo_nav2_puzzlebot/share/ServoYSirvo_nav2_puzzlebot/models/office_floor/materials/textures
copying models/office_floor/materials/textures/puzzlebot_wood_7.png -> /home/victorn65/ros2_ws/src/ServoYSirvo_nav2_puzzlebot/install/ServoYSirvo_nav2_puzzlebot/share/ServoYSirvo_nav2_puzzlebot/models/office_floor/materials/textures
creating /home/victorn65/ros2_ws/src/ServoYSirvo_nav2_puzzlebot/install/ServoYSirvo_nav2_puzzlebot/share/ServoYSirvo_nav2_puzzlebot/worlds
copying worlds/obstacle_avoidance_4.world -> /home/victorn65/ros2_ws/src/ServoYSirvo_nav2_puzzlebot/install/ServoYSirvo_nav2_puzzlebot/share/ServoYSirvo_nav2_puzzlebot/worlds
copying worlds/mundo.world -> /home/victorn65/ros2_ws/src/ServoYSirvo_nav2_puzzlebot/install/ServoYSirvo_nav2_puzzlebot/share/ServoYSirvo_nav2_puzzlebot/worlds
copying worlds/puzzlebot_arena.world -> /home/victorn65/ros2_ws/src/ServoYSirvo_nav2_puzzlebot/install/ServoYSirvo_nav2_puzzlebot/share/ServoYSirvo_nav2_puzzlebot/worlds
copying worlds/world_empty.sdf -> /home/victorn65/ros2_ws/src/ServoYSirvo_nav2_puzzlebot/install/ServoYSirvo_nav2_puzzlebot/share/ServoYSirvo_nav2_puzzlebot/worlds
copying worlds/world_prueba.world -> /home/victorn65/ros2_ws/src/ServoYSirvo_nav2_puzzlebot/install/ServoYSirvo_nav2_puzzlebot/share/ServoYSirvo_nav2_puzzlebot/worlds
copying worlds/obstacle_avoidance_1.world -> /home/victorn65/ros2_ws/src/ServoYSirvo_nav2_puzzlebot/install/ServoYSirvo_nav2_puzzlebot/share/ServoYSirvo_nav2_puzzlebot/worlds
copying worlds/world_aruco_cv.sdf -> /home/victorn65/ros2_ws/src/ServoYSirvo_nav2_puzzlebot/install/ServoYSirvo_nav2_puzzlebot/share/ServoYSirvo_nav2_puzzlebot/worlds
copying worlds/puzzlebot_track.world -> /home/victorn65/ros2_ws/src/ServoYSirvo_nav2_puzzlebot/install/ServoYSirvo_nav2_puzzlebot/share/ServoYSirvo_nav2_puzzlebot/worlds
copying worlds/obstacle_avoidance_3.world -> /home/victorn65/ros2_ws/src/ServoYSirvo_nav2_puzzlebot/install/ServoYSirvo_nav2_puzzlebot/share/ServoYSirvo_nav2_puzzlebot/worlds
copying worlds/obstacle_avoidance_2.world -> /home/victorn65/ros2_ws/src/ServoYSirvo_nav2_puzzlebot/install/ServoYSirvo_nav2_puzzlebot/share/ServoYSirvo_nav2_puzzlebot/worlds
copying worlds/puzzlebot_world.world -> /home/victorn65/ros2_ws/src/ServoYSirvo_nav2_puzzlebot/install/ServoYSirvo_nav2_puzzlebot/share/ServoYSirvo_nav2_puzzlebot/worlds
copying worlds/puzzlebot_arena_markers.world -> /home/victorn65/ros2_ws/src/ServoYSirvo_nav2_puzzlebot/install/ServoYSirvo_nav2_puzzlebot/share/ServoYSirvo_nav2_puzzlebot/worlds
copying worlds/empty.world -> /home/victorn65/ros2_ws/src/ServoYSirvo_nav2_puzzlebot/install/ServoYSirvo_nav2_puzzlebot/share/ServoYSirvo_nav2_puzzlebot/worlds
copying worlds/world_aruco_mip.sdf -> /home/victorn65/ros2_ws/src/ServoYSirvo_nav2_puzzlebot/install/ServoYSirvo_nav2_puzzlebot/share/ServoYSirvo_nav2_puzzlebot/worlds
copying worlds/office.world -> /home/victorn65/ros2_ws/src/ServoYSirvo_nav2_puzzlebot/install/ServoYSirvo_nav2_puzzlebot/share/ServoYSirvo_nav2_puzzlebot/worlds
copying worlds/mundo1.world -> /home/victorn65/ros2_ws/src/ServoYSirvo_nav2_puzzlebot/install/ServoYSirvo_nav2_puzzlebot/share/ServoYSirvo_nav2_puzzlebot/worlds
copying worlds/puzzlebot_aruco_markers.world -> /home/victorn65/ros2_ws/src/ServoYSirvo_nav2_puzzlebot/install/ServoYSirvo_nav2_puzzlebot/share/ServoYSirvo_nav2_puzzlebot/worlds
copying worlds/world_box.sdf -> /home/victorn65/ros2_ws/src/ServoYSirvo_nav2_puzzlebot/install/ServoYSirvo_nav2_puzzlebot/share/ServoYSirvo_nav2_puzzlebot/worlds
creating /home/victorn65/ros2_ws/src/ServoYSirvo_nav2_puzzlebot/install/ServoYSirvo_nav2_puzzlebot/share/ServoYSirvo_nav2_puzzlebot/worlds/office_2
copying worlds/office_2/model.sdf -> /home/victorn65/ros2_ws/src/ServoYSirvo_nav2_puzzlebot/install/ServoYSirvo_nav2_puzzlebot/share/ServoYSirvo_nav2_puzzlebot/worlds/office_2
copying worlds/office_2/model.config -> /home/victorn65/ros2_ws/src/ServoYSirvo_nav2_puzzlebot/install/ServoYSirvo_nav2_puzzlebot/share/ServoYSirvo_nav2_puzzlebot/worlds/office_2
creating /home/victorn65/ros2_ws/src/ServoYSirvo_nav2_puzzlebot/install/ServoYSirvo_nav2_puzzlebot/share/ServoYSirvo_nav2_puzzlebot/plugins
copying plugins/libDiffDynamicPlugin.so -> /home/victorn65/ros2_ws/src/ServoYSirvo_nav2_puzzlebot/install/ServoYSirvo_nav2_puzzlebot/share/ServoYSirvo_nav2_puzzlebot/plugins
running install_egg_info
Copying build/ServoYSirvo_nav2_puzzlebot/ServoYSirvo_nav2_puzzlebot.egg-info to /home/victorn65/ros2_ws/src/ServoYSirvo_nav2_puzzlebot/install/ServoYSirvo_nav2_puzzlebot/lib/python3.10/site-packages/ServoYSirvo_nav2_puzzlebot-0.0.0-py3.10.egg-info
running install_scripts
Installing dynamic_tf script to /home/victorn65/ros2_ws/src/ServoYSirvo_nav2_puzzlebot/install/ServoYSirvo_nav2_puzzlebot/lib/ServoYSirvo_nav2_puzzlebot
Installing joint_state_pub script to /home/victorn65/ros2_ws/src/ServoYSirvo_nav2_puzzlebot/install/ServoYSirvo_nav2_puzzlebot/lib/ServoYSirvo_nav2_puzzlebot
Installing localisation script to /home/victorn65/ros2_ws/src/ServoYSirvo_nav2_puzzlebot/install/ServoYSirvo_nav2_puzzlebot/lib/ServoYSirvo_nav2_puzzlebot
Installing point_stabilisation_control script to /home/victorn65/ros2_ws/src/ServoYSirvo_nav2_puzzlebot/install/ServoYSirvo_nav2_puzzlebot/lib/ServoYSirvo_nav2_puzzlebot
Installing puzzlebot_kinematic_model script to /home/victorn65/ros2_ws/src/ServoYSirvo_nav2_puzzlebot/install/ServoYSirvo_nav2_puzzlebot/lib/ServoYSirvo_nav2_puzzlebot
Installing static_tf script to /home/victorn65/ros2_ws/src/ServoYSirvo_nav2_puzzlebot/install/ServoYSirvo_nav2_puzzlebot/lib/ServoYSirvo_nav2_puzzlebot
Installing uncertainty_ellipse script to /home/victorn65/ros2_ws/src/ServoYSirvo_nav2_puzzlebot/install/ServoYSirvo_nav2_puzzlebot/lib/ServoYSirvo_nav2_puzzlebot
writing list of installed files to '/home/victorn65/ros2_ws/src/ServoYSirvo_nav2_puzzlebot/build/ServoYSirvo_nav2_puzzlebot/install.log'
