[0.551s] Invoking command in '/home/victorn65/ros2_ws/src/ServoYSirvo_nav2_puzzlebot': PYTHONPATH=/home/victorn65/ros2_ws/src/ServoYSirvo_nav2_puzzlebot/build/ServoYSirvo_nav2_puzzlebot/prefix_override:/usr/lib/python3/dist-packages/colcon_core/task/python/colcon_distutils_commands:/home/victorn65/ros2_ws/src/ServoYSirvo_nav2_puzzlebot/install/ServoYSirvo_nav2_puzzlebot/lib/python3.10/site-packages:${PYTHONPATH} /usr/bin/python3 -W ignore:setup.py install is deprecated -W ignore:easy_install command is deprecated setup.py egg_info --egg-base build/ServoYSirvo_nav2_puzzlebot build --build-base /home/victorn65/ros2_ws/src/ServoYSirvo_nav2_puzzlebot/build/ServoYSirvo_nav2_puzzlebot/build install --record /home/victorn65/ros2_ws/src/ServoYSirvo_nav2_puzzlebot/build/ServoYSirvo_nav2_puzzlebot/install.log --single-version-externally-managed install_data
[0.756s] running egg_info
[0.756s] writing build/ServoYSirvo_nav2_puzzlebot/ServoYSirvo_nav2_puzzlebot.egg-info/PKG-INFO
[0.756s] writing dependency_links to build/ServoYSirvo_nav2_puzzlebot/ServoYSirvo_nav2_puzzlebot.egg-info/dependency_links.txt
[0.756s] writing entry points to build/ServoYSirvo_nav2_puzzlebot/ServoYSirvo_nav2_puzzlebot.egg-info/entry_points.txt
[0.756s] writing requirements to build/ServoYSirvo_nav2_puzzlebot/ServoYSirvo_nav2_puzzlebot.egg-info/requires.txt
[0.757s] writing top-level names to build/ServoYSirvo_nav2_puzzlebot/ServoYSirvo_nav2_puzzlebot.egg-info/top_level.txt
[0.759s] reading manifest file 'build/ServoYSirvo_nav2_puzzlebot/ServoYSirvo_nav2_puzzlebot.egg-info/SOURCES.txt'
[0.760s] adding license file 'LICENSE'
[0.762s] writing manifest file 'build/ServoYSirvo_nav2_puzzlebot/ServoYSirvo_nav2_puzzlebot.egg-info/SOURCES.txt'
[0.762s] running build
[0.762s] running build_py
[0.762s] copying ServoYSirvo_nav2_puzzlebot/localisation.py -> /home/victorn65/ros2_ws/src/ServoYSirvo_nav2_puzzlebot/build/ServoYSirvo_nav2_puzzlebot/build/lib/ServoYSirvo_nav2_puzzlebot
[0.762s] running install
[0.763s] running install_lib
[0.763s] creating /home/victorn65/ros2_ws/src/ServoYSirvo_nav2_puzzlebot/install/ServoYSirvo_nav2_puzzlebot/lib/python3.10/site-packages/ServoYSirvo_nav2_puzzlebot
[0.763s] copying /home/victorn65/ros2_ws/src/ServoYSirvo_nav2_puzzlebot/build/ServoYSirvo_nav2_puzzlebot/build/lib/ServoYSirvo_nav2_puzzlebot/localisation.py -> /home/victorn65/ros2_ws/src/ServoYSirvo_nav2_puzzlebot/install/ServoYSirvo_nav2_puzzlebot/lib/python3.10/site-packages/ServoYSirvo_nav2_puzzlebot
[0.763s] copying /home/victorn65/ros2_ws/src/ServoYSirvo_nav2_puzzlebot/build/ServoYSirvo_nav2_puzzlebot/build/lib/ServoYSirvo_nav2_puzzlebot/uncertainty_ellipse.py -> /home/victorn65/ros2_ws/src/ServoYSirvo_nav2_puzzlebot/install/ServoYSirvo_nav2_puzzlebot/lib/python3.10/site-packages/ServoYSirvo_nav2_puzzlebot
[0.764s] copying /home/victorn65/ros2_ws/src/ServoYSirvo_nav2_puzzlebot/build/ServoYSirvo_nav2_puzzlebot/build/lib/ServoYSirvo_nav2_puzzlebot/puzzlebot_kinematic_model.py -> /home/victorn65/ros2_ws/src/ServoYSirvo_nav2_puzzlebot/install/ServoYSirvo_nav2_puzzlebot/lib/python3.10/site-packages/ServoYSirvo_nav2_puzzlebot
[0.764s] copying /home/victorn65/ros2_ws/src/ServoYSirvo_nav2_puzzlebot/build/ServoYSirvo_nav2_puzzlebot/build/lib/ServoYSirvo_nav2_puzzlebot/static_tf.py -> /home/victorn65/ros2_ws/src/ServoYSirvo_nav2_puzzlebot/install/ServoYSirvo_nav2_puzzlebot/lib/python3.10/site-packages/ServoYSirvo_nav2_puzzlebot
[0.764s] copying /home/victorn65/ros2_ws/src/ServoYSirvo_nav2_puzzlebot/build/ServoYSirvo_nav2_puzzlebot/build/lib/ServoYSirvo_nav2_puzzlebot/dynamic_tf.py -> /home/victorn65/ros2_ws/src/ServoYSirvo_nav2_puzzlebot/install/ServoYSirvo_nav2_puzzlebot/lib/python3.10/site-packages/ServoYSirvo_nav2_puzzlebot
[0.764s] copying /home/victorn65/ros2_ws/src/ServoYSirvo_nav2_puzzlebot/build/ServoYSirvo_nav2_puzzlebot/build/lib/ServoYSirvo_nav2_puzzlebot/__init__.py -> /home/victorn65/ros2_ws/src/ServoYSirvo_nav2_puzzlebot/install/ServoYSirvo_nav2_puzzlebot/lib/python3.10/site-packages/ServoYSirvo_nav2_puzzlebot
[0.764s] copying /home/victorn65/ros2_ws/src/ServoYSirvo_nav2_puzzlebot/build/ServoYSirvo_nav2_puzzlebot/build/lib/ServoYSirvo_nav2_puzzlebot/point_stabilisation_control.py -> /home/victorn65/ros2_ws/src/ServoYSirvo_nav2_puzzlebot/install/ServoYSirvo_nav2_puzzlebot/lib/python3.10/site-packages/ServoYSirvo_nav2_puzzlebot
[0.764s] copying /home/victorn65/ros2_ws/src/ServoYSirvo_nav2_puzzlebot/build/ServoYSirvo_nav2_puzzlebot/build/lib/ServoYSirvo_nav2_puzzlebot/joint_state_pub.py -> /home/victorn65/ros2_ws/src/ServoYSirvo_nav2_puzzlebot/install/ServoYSirvo_nav2_puzzlebot/lib/python3.10/site-packages/ServoYSirvo_nav2_puzzlebot
[0.764s] byte-compiling /home/victorn65/ros2_ws/src/ServoYSirvo_nav2_puzzlebot/install/ServoYSirvo_nav2_puzzlebot/lib/python3.10/site-packages/ServoYSirvo_nav2_puzzlebot/localisation.py to localisation.cpython-310.pyc
[0.765s] byte-compiling /home/victorn65/ros2_ws/src/ServoYSirvo_nav2_puzzlebot/install/ServoYSirvo_nav2_puzzlebot/lib/python3.10/site-packages/ServoYSirvo_nav2_puzzlebot/uncertainty_ellipse.py to uncertainty_ellipse.cpython-310.pyc
[0.766s] byte-compiling /home/victorn65/ros2_ws/src/ServoYSirvo_nav2_puzzlebot/install/ServoYSirvo_nav2_puzzlebot/lib/python3.10/site-packages/ServoYSirvo_nav2_puzzlebot/puzzlebot_kinematic_model.py to puzzlebot_kinematic_model.cpython-310.pyc
[0.766s] byte-compiling /home/victorn65/ros2_ws/src/ServoYSirvo_nav2_puzzlebot/install/ServoYSirvo_nav2_puzzlebot/lib/python3.10/site-packages/ServoYSirvo_nav2_puzzlebot/static_tf.py to static_tf.cpython-310.pyc
[0.767s] byte-compiling /home/victorn65/ros2_ws/src/ServoYSirvo_nav2_puzzlebot/install/ServoYSirvo_nav2_puzzlebot/lib/python3.10/site-packages/ServoYSirvo_nav2_puzzlebot/dynamic_tf.py to dynamic_tf.cpython-310.pyc
[0.767s] byte-compiling /home/victorn65/ros2_ws/src/ServoYSirvo_nav2_puzzlebot/install/ServoYSirvo_nav2_puzzlebot/lib/python3.10/site-packages/ServoYSirvo_nav2_puzzlebot/__init__.py to __init__.cpython-310.pyc
[0.767s] byte-compiling /home/victorn65/ros2_ws/src/ServoYSirvo_nav2_puzzlebot/install/ServoYSirvo_nav2_puzzlebot/lib/python3.10/site-packages/ServoYSirvo_nav2_puzzlebot/point_stabilisation_control.py to point_stabilisation_control.cpython-310.pyc
[0.768s] byte-compiling /home/victorn65/ros2_ws/src/ServoYSirvo_nav2_puzzlebot/install/ServoYSirvo_nav2_puzzlebot/lib/python3.10/site-packages/ServoYSirvo_nav2_puzzlebot/joint_state_pub.py to joint_state_pub.cpython-310.pyc
[0.768s] running install_data
[0.768s] creating /home/victorn65/ros2_ws/src/ServoYSirvo_nav2_puzzlebot/install/ServoYSirvo_nav2_puzzlebot/share/ament_index
[0.768s] creating /home/victorn65/ros2_ws/src/ServoYSirvo_nav2_puzzlebot/install/ServoYSirvo_nav2_puzzlebot/share/ament_index/resource_index
[0.768s] creating /home/victorn65/ros2_ws/src/ServoYSirvo_nav2_puzzlebot/install/ServoYSirvo_nav2_puzzlebot/share/ament_index/resource_index/packages
[0.768s] copying resource/ServoYSirvo_nav2_puzzlebot -> /home/victorn65/ros2_ws/src/ServoYSirvo_nav2_puzzlebot/install/ServoYSirvo_nav2_puzzlebot/share/ament_index/resource_index/packages
[0.768s] copying launch/gazebo_example_launch.py -> /home/victorn65/ros2_ws/src/ServoYSirvo_nav2_puzzlebot/install/ServoYSirvo_nav2_puzzlebot/share/ServoYSirvo_nav2_puzzlebot/launch
[0.768s] copying launch/bringup_simulation_simple_launch.py -> /home/victorn65/ros2_ws/src/ServoYSirvo_nav2_puzzlebot/install/ServoYSirvo_nav2_puzzlebot/share/ServoYSirvo_nav2_puzzlebot/launch
[0.769s] copying launch/puzzlebot_sim_launch.py -> /home/victorn65/ros2_ws/src/ServoYSirvo_nav2_puzzlebot/install/ServoYSirvo_nav2_puzzlebot/share/ServoYSirvo_nav2_puzzlebot/launch
[0.770s] copying models/puzzlebot_camera/meshes/wheel.dae -> /home/victorn65/ros2_ws/src/ServoYSirvo_nav2_puzzlebot/install/ServoYSirvo_nav2_puzzlebot/share/ServoYSirvo_nav2_puzzlebot/models/puzzlebot_camera/meshes
[0.771s] creating /home/victorn65/ros2_ws/src/ServoYSirvo_nav2_puzzlebot/install/ServoYSirvo_nav2_puzzlebot/share/ServoYSirvo_nav2_puzzlebot/models/plugins
[0.771s] copying models/plugins/libDiffDynamicPlugin.so -> /home/victorn65/ros2_ws/src/ServoYSirvo_nav2_puzzlebot/install/ServoYSirvo_nav2_puzzlebot/share/ServoYSirvo_nav2_puzzlebot/models/plugins
[0.773s] creating /home/victorn65/ros2_ws/src/ServoYSirvo_nav2_puzzlebot/install/ServoYSirvo_nav2_puzzlebot/share/ServoYSirvo_nav2_puzzlebot/models/goal_marker_2
[0.774s] copying models/goal_marker_2/model.sdf -> /home/victorn65/ros2_ws/src/ServoYSirvo_nav2_puzzlebot/install/ServoYSirvo_nav2_puzzlebot/share/ServoYSirvo_nav2_puzzlebot/models/goal_marker_2
[0.774s] copying models/goal_marker_2/model.config -> /home/victorn65/ros2_ws/src/ServoYSirvo_nav2_puzzlebot/install/ServoYSirvo_nav2_puzzlebot/share/ServoYSirvo_nav2_puzzlebot/models/goal_marker_2
[0.774s] creating /home/victorn65/ros2_ws/src/ServoYSirvo_nav2_puzzlebot/install/ServoYSirvo_nav2_puzzlebot/share/ServoYSirvo_nav2_puzzlebot/models/goal_marker_2/materials
[0.774s] creating /home/victorn65/ros2_ws/src/ServoYSirvo_nav2_puzzlebot/install/ServoYSirvo_nav2_puzzlebot/share/ServoYSirvo_nav2_puzzlebot/models/goal_marker_2/materials/textures
[0.774s] copying models/goal_marker_2/materials/textures/mcr2_goal_2.png -> /home/victorn65/ros2_ws/src/ServoYSirvo_nav2_puzzlebot/install/ServoYSirvo_nav2_puzzlebot/share/ServoYSirvo_nav2_puzzlebot/models/goal_marker_2/materials/textures
[0.774s] creating /home/victorn65/ros2_ws/src/ServoYSirvo_nav2_puzzlebot/install/ServoYSirvo_nav2_puzzlebot/share/ServoYSirvo_nav2_puzzlebot/models/aruco001_cv
[0.774s] copying models/aruco001_cv/model.sdf -> /home/victorn65/ros2_ws/src/ServoYSirvo_nav2_puzzlebot/install/ServoYSirvo_nav2_puzzlebot/share/ServoYSirvo_nav2_puzzlebot/models/aruco001_cv
[0.774s] copying models/aruco001_cv/model.config -> /home/victorn65/ros2_ws/src/ServoYSirvo_nav2_puzzlebot/install/ServoYSirvo_nav2_puzzlebot/share/ServoYSirvo_nav2_puzzlebot/models/aruco001_cv
[0.774s] creating /home/victorn65/ros2_ws/src/ServoYSirvo_nav2_puzzlebot/install/ServoYSirvo_nav2_puzzlebot/share/ServoYSirvo_nav2_puzzlebot/models/aruco001_cv/materials
[0.774s] creating /home/victorn65/ros2_ws/src/ServoYSirvo_nav2_puzzlebot/install/ServoYSirvo_nav2_puzzlebot/share/ServoYSirvo_nav2_puzzlebot/models/aruco001_cv/materials/textures
[0.775s] copying models/aruco001_cv/materials/textures/4x4_50_001.png -> /home/victorn65/ros2_ws/src/ServoYSirvo_nav2_puzzlebot/install/ServoYSirvo_nav2_puzzlebot/share/ServoYSirvo_nav2_puzzlebot/models/aruco001_cv/materials/textures
[0.775s] creating /home/victorn65/ros2_ws/src/ServoYSirvo_nav2_puzzlebot/install/ServoYSirvo_nav2_puzzlebot/share/ServoYSirvo_nav2_puzzlebot/models/aruco001_cv/meshes
[0.775s] copying models/aruco001_cv/meshes/aruco001.dae -> /home/victorn65/ros2_ws/src/ServoYSirvo_nav2_puzzlebot/install/ServoYSirvo_nav2_puzzlebot/share/ServoYSirvo_nav2_puzzlebot/models/aruco001_cv/meshes
[0.775s] creating /home/victorn65/ros2_ws/src/ServoYSirvo_nav2_puzzlebot/install/ServoYSirvo_nav2_puzzlebot/share/ServoYSirvo_nav2_puzzlebot/models/goal_marker_4
[0.775s] copying models/goal_marker_4/model.sdf -> /home/victorn65/ros2_ws/src/ServoYSirvo_nav2_puzzlebot/install/ServoYSirvo_nav2_puzzlebot/share/ServoYSirvo_nav2_puzzlebot/models/goal_marker_4
[0.775s] copying models/goal_marker_4/model.config -> /home/victorn65/ros2_ws/src/ServoYSirvo_nav2_puzzlebot/install/ServoYSirvo_nav2_puzzlebot/share/ServoYSirvo_nav2_puzzlebot/models/goal_marker_4
[0.775s] creating /home/victorn65/ros2_ws/src/ServoYSirvo_nav2_puzzlebot/install/ServoYSirvo_nav2_puzzlebot/share/ServoYSirvo_nav2_puzzlebot/models/goal_marker_4/materials
[0.775s] creating /home/victorn65/ros2_ws/src/ServoYSirvo_nav2_puzzlebot/install/ServoYSirvo_nav2_puzzlebot/share/ServoYSirvo_nav2_puzzlebot/models/goal_marker_4/materials/textures
[0.775s] copying models/goal_marker_4/materials/textures/mcr2_goal_4.png -> /home/victorn65/ros2_ws/src/ServoYSirvo_nav2_puzzlebot/install/ServoYSirvo_nav2_puzzlebot/share/ServoYSirvo_nav2_puzzlebot/models/goal_marker_4/materials/textures
[0.775s] creating /home/victorn65/ros2_ws/src/ServoYSirvo_nav2_puzzlebot/install/ServoYSirvo_nav2_puzzlebot/share/ServoYSirvo_nav2_puzzlebot/models/puzzlebot_base
[0.775s] copying models/puzzlebot_base/model.sdf -> /home/victorn65/ros2_ws/src/ServoYSirvo_nav2_puzzlebot/install/ServoYSirvo_nav2_puzzlebot/share/ServoYSirvo_nav2_puzzlebot/models/puzzlebot_base
[0.775s] copying models/puzzlebot_base/model.config -> /home/victorn65/ros2_ws/src/ServoYSirvo_nav2_puzzlebot/install/ServoYSirvo_nav2_puzzlebot/share/ServoYSirvo_nav2_puzzlebot/models/puzzlebot_base
[0.775s] creating /home/victorn65/ros2_ws/src/ServoYSirvo_nav2_puzzlebot/install/ServoYSirvo_nav2_puzzlebot/share/ServoYSirvo_nav2_puzzlebot/models/puzzlebot_base/materials
[0.775s] creating /home/victorn65/ros2_ws/src/ServoYSirvo_nav2_puzzlebot/install/ServoYSirvo_nav2_puzzlebot/share/ServoYSirvo_nav2_puzzlebot/models/puzzlebot_base/materials/textures
[0.775s] copying models/puzzlebot_base/materials/textures/puzzlebot_wood_6.png -> /home/victorn65/ros2_ws/src/ServoYSirvo_nav2_puzzlebot/install/ServoYSirvo_nav2_puzzlebot/share/ServoYSirvo_nav2_puzzlebot/models/puzzlebot_base/materials/textures
[0.776s] creating /home/victorn65/ros2_ws/src/ServoYSirvo_nav2_puzzlebot/install/ServoYSirvo_nav2_puzzlebot/share/ServoYSirvo_nav2_puzzlebot/models/avoidance_world_2
[0.776s] copying models/avoidance_world_2/model.sdf -> /home/victorn65/ros2_ws/src/ServoYSirvo_nav2_puzzlebot/install/ServoYSirvo_nav2_puzzlebot/share/ServoYSirvo_nav2_puzzlebot/models/avoidance_world_2
[0.776s] copying models/avoidance_world_2/model.config -> /home/victorn65/ros2_ws/src/ServoYSirvo_nav2_puzzlebot/install/ServoYSirvo_nav2_puzzlebot/share/ServoYSirvo_nav2_puzzlebot/models/avoidance_world_2
[0.776s] creating /home/victorn65/ros2_ws/src/ServoYSirvo_nav2_puzzlebot/install/ServoYSirvo_nav2_puzzlebot/share/ServoYSirvo_nav2_puzzlebot/models/aruco003_cv
[0.776s] copying models/aruco003_cv/model.sdf -> /home/victorn65/ros2_ws/src/ServoYSirvo_nav2_puzzlebot/install/ServoYSirvo_nav2_puzzlebot/share/ServoYSirvo_nav2_puzzlebot/models/aruco003_cv
[0.776s] copying models/aruco003_cv/model.config -> /home/victorn65/ros2_ws/src/ServoYSirvo_nav2_puzzlebot/install/ServoYSirvo_nav2_puzzlebot/share/ServoYSirvo_nav2_puzzlebot/models/aruco003_cv
[0.776s] creating /home/victorn65/ros2_ws/src/ServoYSirvo_nav2_puzzlebot/install/ServoYSirvo_nav2_puzzlebot/share/ServoYSirvo_nav2_puzzlebot/models/aruco003_cv/materials
[0.776s] creating /home/victorn65/ros2_ws/src/ServoYSirvo_nav2_puzzlebot/install/ServoYSirvo_nav2_puzzlebot/share/ServoYSirvo_nav2_puzzlebot/models/aruco003_cv/materials/textures
[0.776s] copying models/aruco003_cv/materials/textures/4x4_50_003.png -> /home/victorn65/ros2_ws/src/ServoYSirvo_nav2_puzzlebot/install/ServoYSirvo_nav2_puzzlebot/share/ServoYSirvo_nav2_puzzlebot/models/aruco003_cv/materials/textures
[0.776s] creating /home/victorn65/ros2_ws/src/ServoYSirvo_nav2_puzzlebot/install/ServoYSirvo_nav2_puzzlebot/share/ServoYSirvo_nav2_puzzlebot/models/aruco003_cv/meshes
[0.776s] copying models/aruco003_cv/meshes/aruco003.dae -> /home/victorn65/ros2_ws/src/ServoYSirvo_nav2_puzzlebot/install/ServoYSirvo_nav2_puzzlebot/share/ServoYSirvo_nav2_puzzlebot/models/aruco003_cv/meshes
[0.777s] creating /home/victorn65/ros2_ws/src/ServoYSirvo_nav2_puzzlebot/install/ServoYSirvo_nav2_puzzlebot/share/ServoYSirvo_nav2_puzzlebot/models/aruco_marker_0
[0.777s] copying models/aruco_marker_0/model.sdf -> /home/victorn65/ros2_ws/src/ServoYSirvo_nav2_puzzlebot/install/ServoYSirvo_nav2_puzzlebot/share/ServoYSirvo_nav2_puzzlebot/models/aruco_marker_0
[0.777s] copying models/aruco_marker_0/model.config -> /home/victorn65/ros2_ws/src/ServoYSirvo_nav2_puzzlebot/install/ServoYSirvo_nav2_puzzlebot/share/ServoYSirvo_nav2_puzzlebot/models/aruco_marker_0
[0.777s] creating /home/victorn65/ros2_ws/src/ServoYSirvo_nav2_puzzlebot/install/ServoYSirvo_nav2_puzzlebot/share/ServoYSirvo_nav2_puzzlebot/models/aruco_marker_0/materials
[0.777s] creating /home/victorn65/ros2_ws/src/ServoYSirvo_nav2_puzzlebot/install/ServoYSirvo_nav2_puzzlebot/share/ServoYSirvo_nav2_puzzlebot/models/aruco_marker_0/materials/textures
[0.777s] copying models/aruco_marker_0/materials/textures/marker0.png -> /home/victorn65/ros2_ws/src/ServoYSirvo_nav2_puzzlebot/install/ServoYSirvo_nav2_puzzlebot/share/ServoYSirvo_nav2_puzzlebot/models/aruco_marker_0/materials/textures
[0.777s] creating /home/victorn65/ros2_ws/src/ServoYSirvo_nav2_puzzlebot/install/ServoYSirvo_nav2_puzzlebot/share/ServoYSirvo_nav2_puzzlebot/models/aruco001
[0.778s] copying models/aruco001/model.sdf -> /home/victorn65/ros2_ws/src/ServoYSirvo_nav2_puzzlebot/install/ServoYSirvo_nav2_puzzlebot/share/ServoYSirvo_nav2_puzzlebot/models/aruco001
[0.778s] copying models/aruco001/model.config -> /home/victorn65/ros2_ws/src/ServoYSirvo_nav2_puzzlebot/install/ServoYSirvo_nav2_puzzlebot/share/ServoYSirvo_nav2_puzzlebot/models/aruco001
[0.778s] creating /home/victorn65/ros2_ws/src/ServoYSirvo_nav2_puzzlebot/install/ServoYSirvo_nav2_puzzlebot/share/ServoYSirvo_nav2_puzzlebot/models/aruco001/materials
[0.778s] creating /home/victorn65/ros2_ws/src/ServoYSirvo_nav2_puzzlebot/install/ServoYSirvo_nav2_puzzlebot/share/ServoYSirvo_nav2_puzzlebot/models/aruco001/materials/textures
[0.778s] copying models/aruco001/materials/textures/16h3_001.png -> /home/victorn65/ros2_ws/src/ServoYSirvo_nav2_puzzlebot/install/ServoYSirvo_nav2_puzzlebot/share/ServoYSirvo_nav2_puzzlebot/models/aruco001/materials/textures
[0.778s] creating /home/victorn65/ros2_ws/src/ServoYSirvo_nav2_puzzlebot/install/ServoYSirvo_nav2_puzzlebot/share/ServoYSirvo_nav2_puzzlebot/models/aruco001/meshes
[0.778s] copying models/aruco001/meshes/aruco001.dae -> /home/victorn65/ros2_ws/src/ServoYSirvo_nav2_puzzlebot/install/ServoYSirvo_nav2_puzzlebot/share/ServoYSirvo_nav2_puzzlebot/models/aruco001/meshes
[0.778s] creating /home/victorn65/ros2_ws/src/ServoYSirvo_nav2_puzzlebot/install/ServoYSirvo_nav2_puzzlebot/share/ServoYSirvo_nav2_puzzlebot/models/avoidance_world_3
[0.778s] copying models/avoidance_world_3/model.sdf -> /home/victorn65/ros2_ws/src/ServoYSirvo_nav2_puzzlebot/install/ServoYSirvo_nav2_puzzlebot/share/ServoYSirvo_nav2_puzzlebot/models/avoidance_world_3
[0.778s] copying models/avoidance_world_3/model.config -> /home/victorn65/ros2_ws/src/ServoYSirvo_nav2_puzzlebot/install/ServoYSirvo_nav2_puzzlebot/share/ServoYSirvo_nav2_puzzlebot/models/avoidance_world_3
[0.778s] creating /home/victorn65/ros2_ws/src/ServoYSirvo_nav2_puzzlebot/install/ServoYSirvo_nav2_puzzlebot/share/ServoYSirvo_nav2_puzzlebot/models/modulo3_world
[0.778s] copying models/modulo3_world/model.sdf -> /home/victorn65/ros2_ws/src/ServoYSirvo_nav2_puzzlebot/install/ServoYSirvo_nav2_puzzlebot/share/ServoYSirvo_nav2_puzzlebot/models/modulo3_world
[0.778s] copying models/modulo3_world/model.config -> /home/victorn65/ros2_ws/src/ServoYSirvo_nav2_puzzlebot/install/ServoYSirvo_nav2_puzzlebot/share/ServoYSirvo_nav2_puzzlebot/models/modulo3_world
[0.778s] creating /home/victorn65/ros2_ws/src/ServoYSirvo_nav2_puzzlebot/install/ServoYSirvo_nav2_puzzlebot/share/ServoYSirvo_nav2_puzzlebot/models/puzzlebot_lidar
[0.778s] copying models/puzzlebot_lidar/model.sdf -> /home/victorn65/ros2_ws/src/ServoYSirvo_nav2_puzzlebot/install/ServoYSirvo_nav2_puzzlebot/share/ServoYSirvo_nav2_puzzlebot/models/puzzlebot_lidar
[0.778s] copying models/puzzlebot_lidar/model.config -> /home/victorn65/ros2_ws/src/ServoYSirvo_nav2_puzzlebot/install/ServoYSirvo_nav2_puzzlebot/share/ServoYSirvo_nav2_puzzlebot/models/puzzlebot_lidar
[0.779s] creating /home/victorn65/ros2_ws/src/ServoYSirvo_nav2_puzzlebot/install/ServoYSirvo_nav2_puzzlebot/share/ServoYSirvo_nav2_puzzlebot/models/puzzlebot_lidar/meshes
[0.779s] copying models/puzzlebot_lidar/meshes/chassis1.dae -> /home/victorn65/ros2_ws/src/ServoYSirvo_nav2_puzzlebot/install/ServoYSirvo_nav2_puzzlebot/share/ServoYSirvo_nav2_puzzlebot/models/puzzlebot_lidar/meshes
[0.795s] copying models/puzzlebot_lidar/meshes/wheel.dae -> /home/victorn65/ros2_ws/src/ServoYSirvo_nav2_puzzlebot/install/ServoYSirvo_nav2_puzzlebot/share/ServoYSirvo_nav2_puzzlebot/models/puzzlebot_lidar/meshes
[0.796s] creating /home/victorn65/ros2_ws/src/ServoYSirvo_nav2_puzzlebot/install/ServoYSirvo_nav2_puzzlebot/share/ServoYSirvo_nav2_puzzlebot/models/aruco_marker_3
[0.796s] copying models/aruco_marker_3/model.sdf -> /home/victorn65/ros2_ws/src/ServoYSirvo_nav2_puzzlebot/install/ServoYSirvo_nav2_puzzlebot/share/ServoYSirvo_nav2_puzzlebot/models/aruco_marker_3
[0.796s] copying models/aruco_marker_3/model.config -> /home/victorn65/ros2_ws/src/ServoYSirvo_nav2_puzzlebot/install/ServoYSirvo_nav2_puzzlebot/share/ServoYSirvo_nav2_puzzlebot/models/aruco_marker_3
[0.796s] creating /home/victorn65/ros2_ws/src/ServoYSirvo_nav2_puzzlebot/install/ServoYSirvo_nav2_puzzlebot/share/ServoYSirvo_nav2_puzzlebot/models/aruco_marker_3/materials
[0.797s] creating /home/victorn65/ros2_ws/src/ServoYSirvo_nav2_puzzlebot/install/ServoYSirvo_nav2_puzzlebot/share/ServoYSirvo_nav2_puzzlebot/models/aruco_marker_3/materials/textures
[0.797s] copying models/aruco_marker_3/materials/textures/marker3.png -> /home/victorn65/ros2_ws/src/ServoYSirvo_nav2_puzzlebot/install/ServoYSirvo_nav2_puzzlebot/share/ServoYSirvo_nav2_puzzlebot/models/aruco_marker_3/materials/textures
[0.797s] creating /home/victorn65/ros2_ws/src/ServoYSirvo_nav2_puzzlebot/install/ServoYSirvo_nav2_puzzlebot/share/ServoYSirvo_nav2_puzzlebot/models/aruco000_cv
[0.797s] copying models/aruco000_cv/model.sdf -> /home/victorn65/ros2_ws/src/ServoYSirvo_nav2_puzzlebot/install/ServoYSirvo_nav2_puzzlebot/share/ServoYSirvo_nav2_puzzlebot/models/aruco000_cv
[0.797s] copying models/aruco000_cv/model.config -> /home/victorn65/ros2_ws/src/ServoYSirvo_nav2_puzzlebot/install/ServoYSirvo_nav2_puzzlebot/share/ServoYSirvo_nav2_puzzlebot/models/aruco000_cv
[0.797s] creating /home/victorn65/ros2_ws/src/ServoYSirvo_nav2_puzzlebot/install/ServoYSirvo_nav2_puzzlebot/share/ServoYSirvo_nav2_puzzlebot/models/aruco000_cv/materials
[0.797s] creating /home/victorn65/ros2_ws/src/ServoYSirvo_nav2_puzzlebot/install/ServoYSirvo_nav2_puzzlebot/share/ServoYSirvo_nav2_puzzlebot/models/aruco000_cv/materials/textures
[0.797s] copying models/aruco000_cv/materials/textures/4x4_50_000.png -> /home/victorn65/ros2_ws/src/ServoYSirvo_nav2_puzzlebot/install/ServoYSirvo_nav2_puzzlebot/share/ServoYSirvo_nav2_puzzlebot/models/aruco000_cv/materials/textures
[0.797s] creating /home/victorn65/ros2_ws/src/ServoYSirvo_nav2_puzzlebot/install/ServoYSirvo_nav2_puzzlebot/share/ServoYSirvo_nav2_puzzlebot/models/aruco000_cv/meshes
[0.797s] copying models/aruco000_cv/meshes/aruco000.dae -> /home/victorn65/ros2_ws/src/ServoYSirvo_nav2_puzzlebot/install/ServoYSirvo_nav2_puzzlebot/share/ServoYSirvo_nav2_puzzlebot/models/aruco000_cv/meshes
[0.797s] creating /home/victorn65/ros2_ws/src/ServoYSirvo_nav2_puzzlebot/install/ServoYSirvo_nav2_puzzlebot/share/ServoYSirvo_nav2_puzzlebot/models/goal_marker_1
[0.797s] copying models/goal_marker_1/model.sdf -> /home/victorn65/ros2_ws/src/ServoYSirvo_nav2_puzzlebot/install/ServoYSirvo_nav2_puzzlebot/share/ServoYSirvo_nav2_puzzlebot/models/goal_marker_1
[0.797s] copying models/goal_marker_1/model.config -> /home/victorn65/ros2_ws/src/ServoYSirvo_nav2_puzzlebot/install/ServoYSirvo_nav2_puzzlebot/share/ServoYSirvo_nav2_puzzlebot/models/goal_marker_1
[0.798s] creating /home/victorn65/ros2_ws/src/ServoYSirvo_nav2_puzzlebot/install/ServoYSirvo_nav2_puzzlebot/share/ServoYSirvo_nav2_puzzlebot/models/goal_marker_1/materials
[0.798s] creating /home/victorn65/ros2_ws/src/ServoYSirvo_nav2_puzzlebot/install/ServoYSirvo_nav2_puzzlebot/share/ServoYSirvo_nav2_puzzlebot/models/goal_marker_1/materials/textures
[0.798s] copying models/goal_marker_1/materials/textures/mcr2_goal_1.png -> /home/victorn65/ros2_ws/src/ServoYSirvo_nav2_puzzlebot/install/ServoYSirvo_nav2_puzzlebot/share/ServoYSirvo_nav2_puzzlebot/models/goal_marker_1/materials/textures
[0.798s] creating /home/victorn65/ros2_ws/src/ServoYSirvo_nav2_puzzlebot/install/ServoYSirvo_nav2_puzzlebot/share/ServoYSirvo_nav2_puzzlebot/models/puzzlebot
[0.798s] copying models/puzzlebot/model.sdf -> /home/victorn65/ros2_ws/src/ServoYSirvo_nav2_puzzlebot/install/ServoYSirvo_nav2_puzzlebot/share/ServoYSirvo_nav2_puzzlebot/models/puzzlebot
[0.798s] copying models/puzzlebot/model.config -> /home/victorn65/ros2_ws/src/ServoYSirvo_nav2_puzzlebot/install/ServoYSirvo_nav2_puzzlebot/share/ServoYSirvo_nav2_puzzlebot/models/puzzlebot
[0.798s] creating /home/victorn65/ros2_ws/src/ServoYSirvo_nav2_puzzlebot/install/ServoYSirvo_nav2_puzzlebot/share/ServoYSirvo_nav2_puzzlebot/models/puzzlebot/meshes
[0.798s] copying models/puzzlebot/meshes/box13_16.blend -> /home/victorn65/ros2_ws/src/ServoYSirvo_nav2_puzzlebot/install/ServoYSirvo_nav2_puzzlebot/share/ServoYSirvo_nav2_puzzlebot/models/puzzlebot/meshes
[0.798s] copying models/puzzlebot/meshes/camera.stl -> /home/victorn65/ros2_ws/src/ServoYSirvo_nav2_puzzlebot/install/ServoYSirvo_nav2_puzzlebot/share/ServoYSirvo_nav2_puzzlebot/models/puzzlebot/meshes
[0.800s] copying models/puzzlebot/meshes/wheel.blend -> /home/victorn65/ros2_ws/src/ServoYSirvo_nav2_puzzlebot/install/ServoYSirvo_nav2_puzzlebot/share/ServoYSirvo_nav2_puzzlebot/models/puzzlebot/meshes
[0.801s] copying models/puzzlebot/meshes/chassis1.dae -> /home/victorn65/ros2_ws/src/ServoYSirvo_nav2_puzzlebot/install/ServoYSirvo_nav2_puzzlebot/share/ServoYSirvo_nav2_puzzlebot/models/puzzlebot/meshes
[0.817s] copying models/puzzlebot/meshes/world_wall1.blend -> /home/victorn65/ros2_ws/src/ServoYSirvo_nav2_puzzlebot/install/ServoYSirvo_nav2_puzzlebot/share/ServoYSirvo_nav2_puzzlebot/models/puzzlebot/meshes
[0.818s] copying models/puzzlebot/meshes/wheel.blend1 -> /home/victorn65/ros2_ws/src/ServoYSirvo_nav2_puzzlebot/install/ServoYSirvo_nav2_puzzlebot/share/ServoYSirvo_nav2_puzzlebot/models/puzzlebot/meshes
[0.819s] copying models/puzzlebot/meshes/wheel.dae -> /home/victorn65/ros2_ws/src/ServoYSirvo_nav2_puzzlebot/install/ServoYSirvo_nav2_puzzlebot/share/ServoYSirvo_nav2_puzzlebot/models/puzzlebot/meshes
[0.820s] copying models/puzzlebot/meshes/world_wall1.blend1 -> /home/victorn65/ros2_ws/src/ServoYSirvo_nav2_puzzlebot/install/ServoYSirvo_nav2_puzzlebot/share/ServoYSirvo_nav2_puzzlebot/models/puzzlebot/meshes
[0.821s] copying models/puzzlebot/meshes/box9_12.blend -> /home/victorn65/ros2_ws/src/ServoYSirvo_nav2_puzzlebot/install/ServoYSirvo_nav2_puzzlebot/share/ServoYSirvo_nav2_puzzlebot/models/puzzlebot/meshes
[0.822s] copying models/puzzlebot/meshes/box1_4.blend1 -> /home/victorn65/ros2_ws/src/ServoYSirvo_nav2_puzzlebot/install/ServoYSirvo_nav2_puzzlebot/share/ServoYSirvo_nav2_puzzlebot/models/puzzlebot/meshes
[0.823s] copying models/puzzlebot/meshes/box1-5.blend -> /home/victorn65/ros2_ws/src/ServoYSirvo_nav2_puzzlebot/install/ServoYSirvo_nav2_puzzlebot/share/ServoYSirvo_nav2_puzzlebot/models/puzzlebot/meshes
[0.823s] copying models/puzzlebot/meshes/box5_8.blend -> /home/victorn65/ros2_ws/src/ServoYSirvo_nav2_puzzlebot/install/ServoYSirvo_nav2_puzzlebot/share/ServoYSirvo_nav2_puzzlebot/models/puzzlebot/meshes
[0.824s] copying models/puzzlebot/meshes/chassis1.blend -> /home/victorn65/ros2_ws/src/ServoYSirvo_nav2_puzzlebot/install/ServoYSirvo_nav2_puzzlebot/share/ServoYSirvo_nav2_puzzlebot/models/puzzlebot/meshes
[0.842s] copying models/puzzlebot/meshes/chassis1.blend1 -> /home/victorn65/ros2_ws/src/ServoYSirvo_nav2_puzzlebot/install/ServoYSirvo_nav2_puzzlebot/share/ServoYSirvo_nav2_puzzlebot/models/puzzlebot/meshes
[0.859s] copying models/puzzlebot/meshes/chassis.stl -> /home/victorn65/ros2_ws/src/ServoYSirvo_nav2_puzzlebot/install/ServoYSirvo_nav2_puzzlebot/share/ServoYSirvo_nav2_puzzlebot/models/puzzlebot/meshes
[0.871s] copying models/puzzlebot/meshes/wheel.stl -> /home/victorn65/ros2_ws/src/ServoYSirvo_nav2_puzzlebot/install/ServoYSirvo_nav2_puzzlebot/share/ServoYSirvo_nav2_puzzlebot/models/puzzlebot/meshes
[0.871s] copying models/puzzlebot/meshes/box5_8.blend1 -> /home/victorn65/ros2_ws/src/ServoYSirvo_nav2_puzzlebot/install/ServoYSirvo_nav2_puzzlebot/share/ServoYSirvo_nav2_puzzlebot/models/puzzlebot/meshes
[0.872s] creating /home/victorn65/ros2_ws/src/ServoYSirvo_nav2_puzzlebot/install/ServoYSirvo_nav2_puzzlebot/share/ServoYSirvo_nav2_puzzlebot/models/blue_colored_box
[0.872s] copying models/blue_colored_box/model.sdf -> /home/victorn65/ros2_ws/src/ServoYSirvo_nav2_puzzlebot/install/ServoYSirvo_nav2_puzzlebot/share/ServoYSirvo_nav2_puzzlebot/models/blue_colored_box
[0.872s] copying models/blue_colored_box/model.config -> /home/victorn65/ros2_ws/src/ServoYSirvo_nav2_puzzlebot/install/ServoYSirvo_nav2_puzzlebot/share/ServoYSirvo_nav2_puzzlebot/models/blue_colored_box
[0.872s] creating /home/victorn65/ros2_ws/src/ServoYSirvo_nav2_puzzlebot/install/ServoYSirvo_nav2_puzzlebot/share/ServoYSirvo_nav2_puzzlebot/models/aruco_marker_5
[0.872s] copying models/aruco_marker_5/model.sdf -> /home/victorn65/ros2_ws/src/ServoYSirvo_nav2_puzzlebot/install/ServoYSirvo_nav2_puzzlebot/share/ServoYSirvo_nav2_puzzlebot/models/aruco_marker_5
[0.873s] copying models/aruco_marker_5/model.config -> /home/victorn65/ros2_ws/src/ServoYSirvo_nav2_puzzlebot/install/ServoYSirvo_nav2_puzzlebot/share/ServoYSirvo_nav2_puzzlebot/models/aruco_marker_5
[0.873s] creating /home/victorn65/ros2_ws/src/ServoYSirvo_nav2_puzzlebot/install/ServoYSirvo_nav2_puzzlebot/share/ServoYSirvo_nav2_puzzlebot/models/aruco_marker_5/materials
[0.873s] creating /home/victorn65/ros2_ws/src/ServoYSirvo_nav2_puzzlebot/install/ServoYSirvo_nav2_puzzlebot/share/ServoYSirvo_nav2_puzzlebot/models/aruco_marker_5/materials/textures
[0.873s] copying models/aruco_marker_5/materials/textures/marker5.png -> /home/victorn65/ros2_ws/src/ServoYSirvo_nav2_puzzlebot/install/ServoYSirvo_nav2_puzzlebot/share/ServoYSirvo_nav2_puzzlebot/models/aruco_marker_5/materials/textures
[0.873s] creating /home/victorn65/ros2_ws/src/ServoYSirvo_nav2_puzzlebot/install/ServoYSirvo_nav2_puzzlebot/share/ServoYSirvo_nav2_puzzlebot/models/aruco002_cv
[0.873s] copying models/aruco002_cv/model.sdf -> /home/victorn65/ros2_ws/src/ServoYSirvo_nav2_puzzlebot/install/ServoYSirvo_nav2_puzzlebot/share/ServoYSirvo_nav2_puzzlebot/models/aruco002_cv
[0.873s] copying models/aruco002_cv/model.config -> /home/victorn65/ros2_ws/src/ServoYSirvo_nav2_puzzlebot/install/ServoYSirvo_nav2_puzzlebot/share/ServoYSirvo_nav2_puzzlebot/models/aruco002_cv
[0.873s] creating /home/victorn65/ros2_ws/src/ServoYSirvo_nav2_puzzlebot/install/ServoYSirvo_nav2_puzzlebot/share/ServoYSirvo_nav2_puzzlebot/models/aruco002_cv/materials
[0.873s] creating /home/victorn65/ros2_ws/src/ServoYSirvo_nav2_puzzlebot/install/ServoYSirvo_nav2_puzzlebot/share/ServoYSirvo_nav2_puzzlebot/models/aruco002_cv/materials/textures
[0.873s] copying models/aruco002_cv/materials/textures/4x4_50_002.png -> /home/victorn65/ros2_ws/src/ServoYSirvo_nav2_puzzlebot/install/ServoYSirvo_nav2_puzzlebot/share/ServoYSirvo_nav2_puzzlebot/models/aruco002_cv/materials/textures
[0.873s] creating /home/victorn65/ros2_ws/src/ServoYSirvo_nav2_puzzlebot/install/ServoYSirvo_nav2_puzzlebot/share/ServoYSirvo_nav2_puzzlebot/models/aruco002_cv/meshes
[0.873s] copying models/aruco002_cv/meshes/aruco002.dae -> /home/victorn65/ros2_ws/src/ServoYSirvo_nav2_puzzlebot/install/ServoYSirvo_nav2_puzzlebot/share/ServoYSirvo_nav2_puzzlebot/models/aruco002_cv/meshes
[0.873s] creating /home/victorn65/ros2_ws/src/ServoYSirvo_nav2_puzzlebot/install/ServoYSirvo_nav2_puzzlebot/share/ServoYSirvo_nav2_puzzlebot/models/puzzlebot_track
[0.874s] copying models/puzzlebot_track/model.sdf -> /home/victorn65/ros2_ws/src/ServoYSirvo_nav2_puzzlebot/install/ServoYSirvo_nav2_puzzlebot/share/ServoYSirvo_nav2_puzzlebot/models/puzzlebot_track
[0.874s] copying models/puzzlebot_track/model.config -> /home/victorn65/ros2_ws/src/ServoYSirvo_nav2_puzzlebot/install/ServoYSirvo_nav2_puzzlebot/share/ServoYSirvo_nav2_puzzlebot/models/puzzlebot_track
[0.874s] creating /home/victorn65/ros2_ws/src/ServoYSirvo_nav2_puzzlebot/install/ServoYSirvo_nav2_puzzlebot/share/ServoYSirvo_nav2_puzzlebot/models/puzzlebot_track/materials
[0.874s] creating /home/victorn65/ros2_ws/src/ServoYSirvo_nav2_puzzlebot/install/ServoYSirvo_nav2_puzzlebot/share/ServoYSirvo_nav2_puzzlebot/models/puzzlebot_track/materials/textures
[0.874s] copying models/puzzlebot_track/materials/textures/puzzlebot_track.png -> /home/victorn65/ros2_ws/src/ServoYSirvo_nav2_puzzlebot/install/ServoYSirvo_nav2_puzzlebot/share/ServoYSirvo_nav2_puzzlebot/models/puzzlebot_track/materials/textures
[0.874s] creating /home/victorn65/ros2_ws/src/ServoYSirvo_nav2_puzzlebot/install/ServoYSirvo_nav2_puzzlebot/share/ServoYSirvo_nav2_puzzlebot/models/avoidance_world_4
[0.874s] copying models/avoidance_world_4/model.sdf -> /home/victorn65/ros2_ws/src/ServoYSirvo_nav2_puzzlebot/install/ServoYSirvo_nav2_puzzlebot/share/ServoYSirvo_nav2_puzzlebot/models/avoidance_world_4
[0.874s] copying models/avoidance_world_4/model.config -> /home/victorn65/ros2_ws/src/ServoYSirvo_nav2_puzzlebot/install/ServoYSirvo_nav2_puzzlebot/share/ServoYSirvo_nav2_puzzlebot/models/avoidance_world_4
[0.874s] creating /home/victorn65/ros2_ws/src/ServoYSirvo_nav2_puzzlebot/install/ServoYSirvo_nav2_puzzlebot/share/ServoYSirvo_nav2_puzzlebot/models/aruco002
[0.874s] copying models/aruco002/model.sdf -> /home/victorn65/ros2_ws/src/ServoYSirvo_nav2_puzzlebot/install/ServoYSirvo_nav2_puzzlebot/share/ServoYSirvo_nav2_puzzlebot/models/aruco002
[0.874s] copying models/aruco002/model.config -> /home/victorn65/ros2_ws/src/ServoYSirvo_nav2_puzzlebot/install/ServoYSirvo_nav2_puzzlebot/share/ServoYSirvo_nav2_puzzlebot/models/aruco002
[0.875s] creating /home/victorn65/ros2_ws/src/ServoYSirvo_nav2_puzzlebot/install/ServoYSirvo_nav2_puzzlebot/share/ServoYSirvo_nav2_puzzlebot/models/aruco002/materials
[0.875s] creating /home/victorn65/ros2_ws/src/ServoYSirvo_nav2_puzzlebot/install/ServoYSirvo_nav2_puzzlebot/share/ServoYSirvo_nav2_puzzlebot/models/aruco002/materials/textures
[0.875s] copying models/aruco002/materials/textures/16h3_002.png -> /home/victorn65/ros2_ws/src/ServoYSirvo_nav2_puzzlebot/install/ServoYSirvo_nav2_puzzlebot/share/ServoYSirvo_nav2_puzzlebot/models/aruco002/materials/textures
[0.875s] creating /home/victorn65/ros2_ws/src/ServoYSirvo_nav2_puzzlebot/install/ServoYSirvo_nav2_puzzlebot/share/ServoYSirvo_nav2_puzzlebot/models/aruco002/meshes
[0.875s] copying models/aruco002/meshes/aruco002.dae -> /home/victorn65/ros2_ws/src/ServoYSirvo_nav2_puzzlebot/install/ServoYSirvo_nav2_puzzlebot/share/ServoYSirvo_nav2_puzzlebot/models/aruco002/meshes
[0.875s] creating /home/victorn65/ros2_ws/src/ServoYSirvo_nav2_puzzlebot/install/ServoYSirvo_nav2_puzzlebot/share/ServoYSirvo_nav2_puzzlebot/models/empty
[0.875s] copying models/empty/model.sdf -> /home/victorn65/ros2_ws/src/ServoYSirvo_nav2_puzzlebot/install/ServoYSirvo_nav2_puzzlebot/share/ServoYSirvo_nav2_puzzlebot/models/empty
[0.875s] copying models/empty/model.config -> /home/victorn65/ros2_ws/src/ServoYSirvo_nav2_puzzlebot/install/ServoYSirvo_nav2_puzzlebot/share/ServoYSirvo_nav2_puzzlebot/models/empty
[0.875s] creating /home/victorn65/ros2_ws/src/ServoYSirvo_nav2_puzzlebot/install/ServoYSirvo_nav2_puzzlebot/share/ServoYSirvo_nav2_puzzlebot/models/simple_light
[0.875s] copying models/simple_light/model.sdf -> /home/victorn65/ros2_ws/src/ServoYSirvo_nav2_puzzlebot/install/ServoYSirvo_nav2_puzzlebot/share/ServoYSirvo_nav2_puzzlebot/models/simple_light
[0.875s] copying models/simple_light/model.config -> /home/victorn65/ros2_ws/src/ServoYSirvo_nav2_puzzlebot/install/ServoYSirvo_nav2_puzzlebot/share/ServoYSirvo_nav2_puzzlebot/models/simple_light
[0.875s] creating /home/victorn65/ros2_ws/src/ServoYSirvo_nav2_puzzlebot/install/ServoYSirvo_nav2_puzzlebot/share/ServoYSirvo_nav2_puzzlebot/models/aruco003
[0.876s] copying models/aruco003/model.sdf -> /home/victorn65/ros2_ws/src/ServoYSirvo_nav2_puzzlebot/install/ServoYSirvo_nav2_puzzlebot/share/ServoYSirvo_nav2_puzzlebot/models/aruco003
[0.876s] copying models/aruco003/model.config -> /home/victorn65/ros2_ws/src/ServoYSirvo_nav2_puzzlebot/install/ServoYSirvo_nav2_puzzlebot/share/ServoYSirvo_nav2_puzzlebot/models/aruco003
[0.876s] creating /home/victorn65/ros2_ws/src/ServoYSirvo_nav2_puzzlebot/install/ServoYSirvo_nav2_puzzlebot/share/ServoYSirvo_nav2_puzzlebot/models/aruco003/materials
[0.876s] creating /home/victorn65/ros2_ws/src/ServoYSirvo_nav2_puzzlebot/install/ServoYSirvo_nav2_puzzlebot/share/ServoYSirvo_nav2_puzzlebot/models/aruco003/materials/textures
[0.876s] copying models/aruco003/materials/textures/16h3_003.png -> /home/victorn65/ros2_ws/src/ServoYSirvo_nav2_puzzlebot/install/ServoYSirvo_nav2_puzzlebot/share/ServoYSirvo_nav2_puzzlebot/models/aruco003/materials/textures
[0.876s] creating /home/victorn65/ros2_ws/src/ServoYSirvo_nav2_puzzlebot/install/ServoYSirvo_nav2_puzzlebot/share/ServoYSirvo_nav2_puzzlebot/models/aruco003/meshes
[0.876s] copying models/aruco003/meshes/aruco003.dae -> /home/victorn65/ros2_ws/src/ServoYSirvo_nav2_puzzlebot/install/ServoYSirvo_nav2_puzzlebot/share/ServoYSirvo_nav2_puzzlebot/models/aruco003/meshes
[0.876s] creating /home/victorn65/ros2_ws/src/ServoYSirvo_nav2_puzzlebot/install/ServoYSirvo_nav2_puzzlebot/share/ServoYSirvo_nav2_puzzlebot/models/yellow_colored_box
[0.876s] copying models/yellow_colored_box/model.sdf -> /home/victorn65/ros2_ws/src/ServoYSirvo_nav2_puzzlebot/install/ServoYSirvo_nav2_puzzlebot/share/ServoYSirvo_nav2_puzzlebot/models/yellow_colored_box
[0.876s] copying models/yellow_colored_box/model.config -> /home/victorn65/ros2_ws/src/ServoYSirvo_nav2_puzzlebot/install/ServoYSirvo_nav2_puzzlebot/share/ServoYSirvo_nav2_puzzlebot/models/yellow_colored_box
[0.876s] creating /home/victorn65/ros2_ws/src/ServoYSirvo_nav2_puzzlebot/install/ServoYSirvo_nav2_puzzlebot/share/ServoYSirvo_nav2_puzzlebot/models/aruco_box
[0.876s] copying models/aruco_box/model.sdf -> /home/victorn65/ros2_ws/src/ServoYSirvo_nav2_puzzlebot/install/ServoYSirvo_nav2_puzzlebot/share/ServoYSirvo_nav2_puzzlebot/models/aruco_box
[0.877s] copying models/aruco_box/model.config -> /home/victorn65/ros2_ws/src/ServoYSirvo_nav2_puzzlebot/install/ServoYSirvo_nav2_puzzlebot/share/ServoYSirvo_nav2_puzzlebot/models/aruco_box
[0.877s] creating /home/victorn65/ros2_ws/src/ServoYSirvo_nav2_puzzlebot/install/ServoYSirvo_nav2_puzzlebot/share/ServoYSirvo_nav2_puzzlebot/models/aruco_box/materials
[0.877s] creating /home/victorn65/ros2_ws/src/ServoYSirvo_nav2_puzzlebot/install/ServoYSirvo_nav2_puzzlebot/share/ServoYSirvo_nav2_puzzlebot/models/aruco_box/materials/textures
[0.877s] copying models/aruco_box/materials/textures/marker4.png -> /home/victorn65/ros2_ws/src/ServoYSirvo_nav2_puzzlebot/install/ServoYSirvo_nav2_puzzlebot/share/ServoYSirvo_nav2_puzzlebot/models/aruco_box/materials/textures
[0.877s] copying models/aruco_box/materials/textures/marker5.png -> /home/victorn65/ros2_ws/src/ServoYSirvo_nav2_puzzlebot/install/ServoYSirvo_nav2_puzzlebot/share/ServoYSirvo_nav2_puzzlebot/models/aruco_box/materials/textures
[0.877s] copying models/aruco_box/materials/textures/marker1.png -> /home/victorn65/ros2_ws/src/ServoYSirvo_nav2_puzzlebot/install/ServoYSirvo_nav2_puzzlebot/share/ServoYSirvo_nav2_puzzlebot/models/aruco_box/materials/textures
[0.877s] copying models/aruco_box/materials/textures/marker0.png -> /home/victorn65/ros2_ws/src/ServoYSirvo_nav2_puzzlebot/install/ServoYSirvo_nav2_puzzlebot/share/ServoYSirvo_nav2_puzzlebot/models/aruco_box/materials/textures
[0.877s] copying models/aruco_box/materials/textures/marker3.png -> /home/victorn65/ros2_ws/src/ServoYSirvo_nav2_puzzlebot/install/ServoYSirvo_nav2_puzzlebot/share/ServoYSirvo_nav2_puzzlebot/models/aruco_box/materials/textures
[0.877s] copying models/aruco_box/materials/textures/marker2.png -> /home/victorn65/ros2_ws/src/ServoYSirvo_nav2_puzzlebot/install/ServoYSirvo_nav2_puzzlebot/share/ServoYSirvo_nav2_puzzlebot/models/aruco_box/materials/textures
[0.877s] creating /home/victorn65/ros2_ws/src/ServoYSirvo_nav2_puzzlebot/install/ServoYSirvo_nav2_puzzlebot/share/ServoYSirvo_nav2_puzzlebot/models/aruco_marker_2
[0.878s] copying models/aruco_marker_2/model.sdf -> /home/victorn65/ros2_ws/src/ServoYSirvo_nav2_puzzlebot/install/ServoYSirvo_nav2_puzzlebot/share/ServoYSirvo_nav2_puzzlebot/models/aruco_marker_2
[0.878s] copying models/aruco_marker_2/model.config -> /home/victorn65/ros2_ws/src/ServoYSirvo_nav2_puzzlebot/install/ServoYSirvo_nav2_puzzlebot/share/ServoYSirvo_nav2_puzzlebot/models/aruco_marker_2
[0.878s] creating /home/victorn65/ros2_ws/src/ServoYSirvo_nav2_puzzlebot/install/ServoYSirvo_nav2_puzzlebot/share/ServoYSirvo_nav2_puzzlebot/models/aruco_marker_2/materials
[0.878s] creating /home/victorn65/ros2_ws/src/ServoYSirvo_nav2_puzzlebot/install/ServoYSirvo_nav2_puzzlebot/share/ServoYSirvo_nav2_puzzlebot/models/aruco_marker_2/materials/textures
[0.878s] copying models/aruco_marker_2/materials/textures/marker2.png -> /home/victorn65/ros2_ws/src/ServoYSirvo_nav2_puzzlebot/install/ServoYSirvo_nav2_puzzlebot/share/ServoYSirvo_nav2_puzzlebot/models/aruco_marker_2/materials/textures
[0.878s] creating /home/victorn65/ros2_ws/src/ServoYSirvo_nav2_puzzlebot/install/ServoYSirvo_nav2_puzzlebot/share/ServoYSirvo_nav2_puzzlebot/models/aruco_marker_4
[0.878s] copying models/aruco_marker_4/model.sdf -> /home/victorn65/ros2_ws/src/ServoYSirvo_nav2_puzzlebot/install/ServoYSirvo_nav2_puzzlebot/share/ServoYSirvo_nav2_puzzlebot/models/aruco_marker_4
[0.878s] copying models/aruco_marker_4/model.config -> /home/victorn65/ros2_ws/src/ServoYSirvo_nav2_puzzlebot/install/ServoYSirvo_nav2_puzzlebot/share/ServoYSirvo_nav2_puzzlebot/models/aruco_marker_4
[0.878s] creating /home/victorn65/ros2_ws/src/ServoYSirvo_nav2_puzzlebot/install/ServoYSirvo_nav2_puzzlebot/share/ServoYSirvo_nav2_puzzlebot/models/aruco_marker_4/materials
[0.878s] creating /home/victorn65/ros2_ws/src/ServoYSirvo_nav2_puzzlebot/install/ServoYSirvo_nav2_puzzlebot/share/ServoYSirvo_nav2_puzzlebot/models/aruco_marker_4/materials/textures
[0.878s] copying models/aruco_marker_4/materials/textures/marker4.png -> /home/victorn65/ros2_ws/src/ServoYSirvo_nav2_puzzlebot/install/ServoYSirvo_nav2_puzzlebot/share/ServoYSirvo_nav2_puzzlebot/models/aruco_marker_4/materials/textures
[0.878s] creating /home/victorn65/ros2_ws/src/ServoYSirvo_nav2_puzzlebot/install/ServoYSirvo_nav2_puzzlebot/share/ServoYSirvo_nav2_puzzlebot/models/world_wall
[0.878s] copying models/world_wall/model.sdf -> /home/victorn65/ros2_ws/src/ServoYSirvo_nav2_puzzlebot/install/ServoYSirvo_nav2_puzzlebot/share/ServoYSirvo_nav2_puzzlebot/models/world_wall
[0.879s] copying models/world_wall/model.config -> /home/victorn65/ros2_ws/src/ServoYSirvo_nav2_puzzlebot/install/ServoYSirvo_nav2_puzzlebot/share/ServoYSirvo_nav2_puzzlebot/models/world_wall
[0.879s] creating /home/victorn65/ros2_ws/src/ServoYSirvo_nav2_puzzlebot/install/ServoYSirvo_nav2_puzzlebot/share/ServoYSirvo_nav2_puzzlebot/models/world_wall/materials
[0.879s] creating /home/victorn65/ros2_ws/src/ServoYSirvo_nav2_puzzlebot/install/ServoYSirvo_nav2_puzzlebot/share/ServoYSirvo_nav2_puzzlebot/models/world_wall/materials/textures
[0.879s] copying models/world_wall/materials/textures/MapAll.jpg -> /home/victorn65/ros2_ws/src/ServoYSirvo_nav2_puzzlebot/install/ServoYSirvo_nav2_puzzlebot/share/ServoYSirvo_nav2_puzzlebot/models/world_wall/materials/textures
[0.880s] copying models/world_wall/materials/textures/0032-512x512.jpg -> /home/victorn65/ros2_ws/src/ServoYSirvo_nav2_puzzlebot/install/ServoYSirvo_nav2_puzzlebot/share/ServoYSirvo_nav2_puzzlebot/models/world_wall/materials/textures
[0.880s] copying models/world_wall/materials/textures/wood_floor.jpg -> /home/victorn65/ros2_ws/src/ServoYSirvo_nav2_puzzlebot/install/ServoYSirvo_nav2_puzzlebot/share/ServoYSirvo_nav2_puzzlebot/models/world_wall/materials/textures
[0.880s] creating /home/victorn65/ros2_ws/src/ServoYSirvo_nav2_puzzlebot/install/ServoYSirvo_nav2_puzzlebot/share/ServoYSirvo_nav2_puzzlebot/models/world_wall/meshes
[0.880s] copying models/world_wall/meshes/world_wall1.dae -> /home/victorn65/ros2_ws/src/ServoYSirvo_nav2_puzzlebot/install/ServoYSirvo_nav2_puzzlebot/share/ServoYSirvo_nav2_puzzlebot/models/world_wall/meshes
[0.880s] copying models/world_wall/meshes/0032-512x512.jpg -> /home/victorn65/ros2_ws/src/ServoYSirvo_nav2_puzzlebot/install/ServoYSirvo_nav2_puzzlebot/share/ServoYSirvo_nav2_puzzlebot/models/world_wall/meshes
[0.881s] copying models/world_wall/meshes/wood_floor.jpg -> /home/victorn65/ros2_ws/src/ServoYSirvo_nav2_puzzlebot/install/ServoYSirvo_nav2_puzzlebot/share/ServoYSirvo_nav2_puzzlebot/models/world_wall/meshes
[0.881s] creating /home/victorn65/ros2_ws/src/ServoYSirvo_nav2_puzzlebot/install/ServoYSirvo_nav2_puzzlebot/share/ServoYSirvo_nav2_puzzlebot/models/goal_marker_3
[0.881s] copying models/goal_marker_3/model.sdf -> /home/victorn65/ros2_ws/src/ServoYSirvo_nav2_puzzlebot/install/ServoYSirvo_nav2_puzzlebot/share/ServoYSirvo_nav2_puzzlebot/models/goal_marker_3
[0.881s] copying models/goal_marker_3/model.config -> /home/victorn65/ros2_ws/src/ServoYSirvo_nav2_puzzlebot/install/ServoYSirvo_nav2_puzzlebot/share/ServoYSirvo_nav2_puzzlebot/models/goal_marker_3
[0.881s] creating /home/victorn65/ros2_ws/src/ServoYSirvo_nav2_puzzlebot/install/ServoYSirvo_nav2_puzzlebot/share/ServoYSirvo_nav2_puzzlebot/models/goal_marker_3/materials
[0.881s] creating /home/victorn65/ros2_ws/src/ServoYSirvo_nav2_puzzlebot/install/ServoYSirvo_nav2_puzzlebot/share/ServoYSirvo_nav2_puzzlebot/models/goal_marker_3/materials/textures
[0.881s] copying models/goal_marker_3/materials/textures/mcr2_goal_3.png -> /home/victorn65/ros2_ws/src/ServoYSirvo_nav2_puzzlebot/install/ServoYSirvo_nav2_puzzlebot/share/ServoYSirvo_nav2_puzzlebot/models/goal_marker_3/materials/textures
[0.881s] creating /home/victorn65/ros2_ws/src/ServoYSirvo_nav2_puzzlebot/install/ServoYSirvo_nav2_puzzlebot/share/ServoYSirvo_nav2_puzzlebot/models/aruco_marker_1
[0.881s] copying models/aruco_marker_1/model.sdf -> /home/victorn65/ros2_ws/src/ServoYSirvo_nav2_puzzlebot/install/ServoYSirvo_nav2_puzzlebot/share/ServoYSirvo_nav2_puzzlebot/models/aruco_marker_1
[0.881s] copying models/aruco_marker_1/model.config -> /home/victorn65/ros2_ws/src/ServoYSirvo_nav2_puzzlebot/install/ServoYSirvo_nav2_puzzlebot/share/ServoYSirvo_nav2_puzzlebot/models/aruco_marker_1
[0.882s] creating /home/victorn65/ros2_ws/src/ServoYSirvo_nav2_puzzlebot/install/ServoYSirvo_nav2_puzzlebot/share/ServoYSirvo_nav2_puzzlebot/models/aruco_marker_1/materials
[0.882s] creating /home/victorn65/ros2_ws/src/ServoYSirvo_nav2_puzzlebot/install/ServoYSirvo_nav2_puzzlebot/share/ServoYSirvo_nav2_puzzlebot/models/aruco_marker_1/materials/textures
[0.882s] copying models/aruco_marker_1/materials/textures/marker1.png -> /home/victorn65/ros2_ws/src/ServoYSirvo_nav2_puzzlebot/install/ServoYSirvo_nav2_puzzlebot/share/ServoYSirvo_nav2_puzzlebot/models/aruco_marker_1/materials/textures
[0.882s] creating /home/victorn65/ros2_ws/src/ServoYSirvo_nav2_puzzlebot/install/ServoYSirvo_nav2_puzzlebot/share/ServoYSirvo_nav2_puzzlebot/models/goal_marker_5
[0.882s] copying models/goal_marker_5/model.sdf -> /home/victorn65/ros2_ws/src/ServoYSirvo_nav2_puzzlebot/install/ServoYSirvo_nav2_puzzlebot/share/ServoYSirvo_nav2_puzzlebot/models/goal_marker_5
[0.882s] copying models/goal_marker_5/model.config -> /home/victorn65/ros2_ws/src/ServoYSirvo_nav2_puzzlebot/install/ServoYSirvo_nav2_puzzlebot/share/ServoYSirvo_nav2_puzzlebot/models/goal_marker_5
[0.882s] creating /home/victorn65/ros2_ws/src/ServoYSirvo_nav2_puzzlebot/install/ServoYSirvo_nav2_puzzlebot/share/ServoYSirvo_nav2_puzzlebot/models/goal_marker_5/materials
[0.882s] creating /home/victorn65/ros2_ws/src/ServoYSirvo_nav2_puzzlebot/install/ServoYSirvo_nav2_puzzlebot/share/ServoYSirvo_nav2_puzzlebot/models/goal_marker_5/materials/textures
[0.882s] copying models/goal_marker_5/materials/textures/mcr2_goal_5.png -> /home/victorn65/ros2_ws/src/ServoYSirvo_nav2_puzzlebot/install/ServoYSirvo_nav2_puzzlebot/share/ServoYSirvo_nav2_puzzlebot/models/goal_marker_5/materials/textures
[0.882s] creating /home/victorn65/ros2_ws/src/ServoYSirvo_nav2_puzzlebot/install/ServoYSirvo_nav2_puzzlebot/share/ServoYSirvo_nav2_puzzlebot/models/office_floor
[0.882s] copying models/office_floor/model.sdf -> /home/victorn65/ros2_ws/src/ServoYSirvo_nav2_puzzlebot/install/ServoYSirvo_nav2_puzzlebot/share/ServoYSirvo_nav2_puzzlebot/models/office_floor
[0.883s] copying models/office_floor/model.config -> /home/victorn65/ros2_ws/src/ServoYSirvo_nav2_puzzlebot/install/ServoYSirvo_nav2_puzzlebot/share/ServoYSirvo_nav2_puzzlebot/models/office_floor
[0.883s] creating /home/victorn65/ros2_ws/src/ServoYSirvo_nav2_puzzlebot/install/ServoYSirvo_nav2_puzzlebot/share/ServoYSirvo_nav2_puzzlebot/models/office_floor/materials
[0.883s] creating /home/victorn65/ros2_ws/src/ServoYSirvo_nav2_puzzlebot/install/ServoYSirvo_nav2_puzzlebot/share/ServoYSirvo_nav2_puzzlebot/models/office_floor/materials/textures
[0.883s] copying models/office_floor/materials/textures/puzzlebot_wood_7.png -> /home/victorn65/ros2_ws/src/ServoYSirvo_nav2_puzzlebot/install/ServoYSirvo_nav2_puzzlebot/share/ServoYSirvo_nav2_puzzlebot/models/office_floor/materials/textures
[0.884s] creating /home/victorn65/ros2_ws/src/ServoYSirvo_nav2_puzzlebot/install/ServoYSirvo_nav2_puzzlebot/share/ServoYSirvo_nav2_puzzlebot/worlds
[0.885s] copying worlds/obstacle_avoidance_4.world -> /home/victorn65/ros2_ws/src/ServoYSirvo_nav2_puzzlebot/install/ServoYSirvo_nav2_puzzlebot/share/ServoYSirvo_nav2_puzzlebot/worlds
[0.885s] copying worlds/mundo.world -> /home/victorn65/ros2_ws/src/ServoYSirvo_nav2_puzzlebot/install/ServoYSirvo_nav2_puzzlebot/share/ServoYSirvo_nav2_puzzlebot/worlds
[0.885s] copying worlds/puzzlebot_arena.world -> /home/victorn65/ros2_ws/src/ServoYSirvo_nav2_puzzlebot/install/ServoYSirvo_nav2_puzzlebot/share/ServoYSirvo_nav2_puzzlebot/worlds
[0.885s] copying worlds/world_empty.sdf -> /home/victorn65/ros2_ws/src/ServoYSirvo_nav2_puzzlebot/install/ServoYSirvo_nav2_puzzlebot/share/ServoYSirvo_nav2_puzzlebot/worlds
[0.885s] copying worlds/world_prueba.world -> /home/victorn65/ros2_ws/src/ServoYSirvo_nav2_puzzlebot/install/ServoYSirvo_nav2_puzzlebot/share/ServoYSirvo_nav2_puzzlebot/worlds
[0.885s] copying worlds/obstacle_avoidance_1.world -> /home/victorn65/ros2_ws/src/ServoYSirvo_nav2_puzzlebot/install/ServoYSirvo_nav2_puzzlebot/share/ServoYSirvo_nav2_puzzlebot/worlds
[0.886s] copying worlds/world_aruco_cv.sdf -> /home/victorn65/ros2_ws/src/ServoYSirvo_nav2_puzzlebot/install/ServoYSirvo_nav2_puzzlebot/share/ServoYSirvo_nav2_puzzlebot/worlds
[0.886s] copying worlds/puzzlebot_track.world -> /home/victorn65/ros2_ws/src/ServoYSirvo_nav2_puzzlebot/install/ServoYSirvo_nav2_puzzlebot/share/ServoYSirvo_nav2_puzzlebot/worlds
[0.886s] copying worlds/obstacle_avoidance_3.world -> /home/victorn65/ros2_ws/src/ServoYSirvo_nav2_puzzlebot/install/ServoYSirvo_nav2_puzzlebot/share/ServoYSirvo_nav2_puzzlebot/worlds
[0.886s] copying worlds/obstacle_avoidance_2.world -> /home/victorn65/ros2_ws/src/ServoYSirvo_nav2_puzzlebot/install/ServoYSirvo_nav2_puzzlebot/share/ServoYSirvo_nav2_puzzlebot/worlds
[0.886s] copying worlds/puzzlebot_world.world -> /home/victorn65/ros2_ws/src/ServoYSirvo_nav2_puzzlebot/install/ServoYSirvo_nav2_puzzlebot/share/ServoYSirvo_nav2_puzzlebot/worlds
[0.886s] copying worlds/puzzlebot_arena_markers.world -> /home/victorn65/ros2_ws/src/ServoYSirvo_nav2_puzzlebot/install/ServoYSirvo_nav2_puzzlebot/share/ServoYSirvo_nav2_puzzlebot/worlds
[0.886s] copying worlds/empty.world -> /home/victorn65/ros2_ws/src/ServoYSirvo_nav2_puzzlebot/install/ServoYSirvo_nav2_puzzlebot/share/ServoYSirvo_nav2_puzzlebot/worlds
[0.886s] copying worlds/world_aruco_mip.sdf -> /home/victorn65/ros2_ws/src/ServoYSirvo_nav2_puzzlebot/install/ServoYSirvo_nav2_puzzlebot/share/ServoYSirvo_nav2_puzzlebot/worlds
[0.886s] copying worlds/office.world -> /home/victorn65/ros2_ws/src/ServoYSirvo_nav2_puzzlebot/install/ServoYSirvo_nav2_puzzlebot/share/ServoYSirvo_nav2_puzzlebot/worlds
[0.886s] copying worlds/mundo1.world -> /home/victorn65/ros2_ws/src/ServoYSirvo_nav2_puzzlebot/install/ServoYSirvo_nav2_puzzlebot/share/ServoYSirvo_nav2_puzzlebot/worlds
[0.886s] copying worlds/puzzlebot_aruco_markers.world -> /home/victorn65/ros2_ws/src/ServoYSirvo_nav2_puzzlebot/install/ServoYSirvo_nav2_puzzlebot/share/ServoYSirvo_nav2_puzzlebot/worlds
[0.886s] copying worlds/world_box.sdf -> /home/victorn65/ros2_ws/src/ServoYSirvo_nav2_puzzlebot/install/ServoYSirvo_nav2_puzzlebot/share/ServoYSirvo_nav2_puzzlebot/worlds
[0.886s] creating /home/victorn65/ros2_ws/src/ServoYSirvo_nav2_puzzlebot/install/ServoYSirvo_nav2_puzzlebot/share/ServoYSirvo_nav2_puzzlebot/worlds/office_2
[0.886s] copying worlds/office_2/model.sdf -> /home/victorn65/ros2_ws/src/ServoYSirvo_nav2_puzzlebot/install/ServoYSirvo_nav2_puzzlebot/share/ServoYSirvo_nav2_puzzlebot/worlds/office_2
[0.887s] copying worlds/office_2/model.config -> /home/victorn65/ros2_ws/src/ServoYSirvo_nav2_puzzlebot/install/ServoYSirvo_nav2_puzzlebot/share/ServoYSirvo_nav2_puzzlebot/worlds/office_2
[0.887s] creating /home/victorn65/ros2_ws/src/ServoYSirvo_nav2_puzzlebot/install/ServoYSirvo_nav2_puzzlebot/share/ServoYSirvo_nav2_puzzlebot/plugins
[0.887s] copying plugins/libDiffDynamicPlugin.so -> /home/victorn65/ros2_ws/src/ServoYSirvo_nav2_puzzlebot/install/ServoYSirvo_nav2_puzzlebot/share/ServoYSirvo_nav2_puzzlebot/plugins
[0.889s] running install_egg_info
[0.891s] Copying build/ServoYSirvo_nav2_puzzlebot/ServoYSirvo_nav2_puzzlebot.egg-info to /home/victorn65/ros2_ws/src/ServoYSirvo_nav2_puzzlebot/install/ServoYSirvo_nav2_puzzlebot/lib/python3.10/site-packages/ServoYSirvo_nav2_puzzlebot-0.0.0-py3.10.egg-info
[0.892s] running install_scripts
[0.910s] Installing dynamic_tf script to /home/victorn65/ros2_ws/src/ServoYSirvo_nav2_puzzlebot/install/ServoYSirvo_nav2_puzzlebot/lib/ServoYSirvo_nav2_puzzlebot
[0.910s] Installing joint_state_pub script to /home/victorn65/ros2_ws/src/ServoYSirvo_nav2_puzzlebot/install/ServoYSirvo_nav2_puzzlebot/lib/ServoYSirvo_nav2_puzzlebot
[0.910s] Installing localisation script to /home/victorn65/ros2_ws/src/ServoYSirvo_nav2_puzzlebot/install/ServoYSirvo_nav2_puzzlebot/lib/ServoYSirvo_nav2_puzzlebot
[0.910s] Installing point_stabilisation_control script to /home/victorn65/ros2_ws/src/ServoYSirvo_nav2_puzzlebot/install/ServoYSirvo_nav2_puzzlebot/lib/ServoYSirvo_nav2_puzzlebot
[0.911s] Installing puzzlebot_kinematic_model script to /home/victorn65/ros2_ws/src/ServoYSirvo_nav2_puzzlebot/install/ServoYSirvo_nav2_puzzlebot/lib/ServoYSirvo_nav2_puzzlebot
[0.911s] Installing static_tf script to /home/victorn65/ros2_ws/src/ServoYSirvo_nav2_puzzlebot/install/ServoYSirvo_nav2_puzzlebot/lib/ServoYSirvo_nav2_puzzlebot
[0.911s] Installing uncertainty_ellipse script to /home/victorn65/ros2_ws/src/ServoYSirvo_nav2_puzzlebot/install/ServoYSirvo_nav2_puzzlebot/lib/ServoYSirvo_nav2_puzzlebot
[0.911s] writing list of installed files to '/home/victorn65/ros2_ws/src/ServoYSirvo_nav2_puzzlebot/build/ServoYSirvo_nav2_puzzlebot/install.log'
[0.937s] Invoked command in '/home/victorn65/ros2_ws/src/ServoYSirvo_nav2_puzzlebot' returned '0': PYTHONPATH=/home/victorn65/ros2_ws/src/ServoYSirvo_nav2_puzzlebot/build/ServoYSirvo_nav2_puzzlebot/prefix_override:/usr/lib/python3/dist-packages/colcon_core/task/python/colcon_distutils_commands:/home/victorn65/ros2_ws/src/ServoYSirvo_nav2_puzzlebot/install/ServoYSirvo_nav2_puzzlebot/lib/python3.10/site-packages:${PYTHONPATH} /usr/bin/python3 -W ignore:setup.py install is deprecated -W ignore:easy_install command is deprecated setup.py egg_info --egg-base build/ServoYSirvo_nav2_puzzlebot build --build-base /home/victorn65/ros2_ws/src/ServoYSirvo_nav2_puzzlebot/build/ServoYSirvo_nav2_puzzlebot/build install --record /home/victorn65/ros2_ws/src/ServoYSirvo_nav2_puzzlebot/build/ServoYSirvo_nav2_puzzlebot/install.log --single-version-externally-managed install_data
