[1.030s] Invoking command in '/home/pilid/ros2_ws/src/ServoYSirvo_nav2_puzzlebot': PYTHONPATH=/home/pilid/ros2_ws/src/ServoYSirvo_nav2_puzzlebot/build/ServoYSirvo_nav2_puzzlebot/prefix_override:/home/pilid/ros2_ws/src/ServoYSirvo_nav2_puzzlebot/install/ServoYSirvo_nav2_puzzlebot/lib/python3.10/site-packages:${PYTHONPATH} /usr/bin/python3 -W ignore:setup.py install is deprecated setup.py egg_info --egg-base build/ServoYSirvo_nav2_puzzlebot build --build-base /home/pilid/ros2_ws/src/ServoYSirvo_nav2_puzzlebot/build/ServoYSirvo_nav2_puzzlebot/build install --record /home/pilid/ros2_ws/src/ServoYSirvo_nav2_puzzlebot/build/ServoYSirvo_nav2_puzzlebot/install.log --single-version-externally-managed install_data
[1.418s] running egg_info
[1.419s] creating build/ServoYSirvo_nav2_puzzlebot/ServoYSirvo_nav2_puzzlebot.egg-info
[1.420s] writing build/ServoYSirvo_nav2_puzzlebot/ServoYSirvo_nav2_puzzlebot.egg-info/PKG-INFO
[1.420s] writing dependency_links to build/ServoYSirvo_nav2_puzzlebot/ServoYSirvo_nav2_puzzlebot.egg-info/dependency_links.txt
[1.420s] writing entry points to build/ServoYSirvo_nav2_puzzlebot/ServoYSirvo_nav2_puzzlebot.egg-info/entry_points.txt
[1.420s] writing requirements to build/ServoYSirvo_nav2_puzzlebot/ServoYSirvo_nav2_puzzlebot.egg-info/requires.txt
[1.420s] writing top-level names to build/ServoYSirvo_nav2_puzzlebot/ServoYSirvo_nav2_puzzlebot.egg-info/top_level.txt
[1.420s] writing manifest file 'build/ServoYSirvo_nav2_puzzlebot/ServoYSirvo_nav2_puzzlebot.egg-info/SOURCES.txt'
[1.422s] reading manifest file 'build/ServoYSirvo_nav2_puzzlebot/ServoYSirvo_nav2_puzzlebot.egg-info/SOURCES.txt'
[1.423s] writing manifest file 'build/ServoYSirvo_nav2_puzzlebot/ServoYSirvo_nav2_puzzlebot.egg-info/SOURCES.txt'
[1.423s] running build
[1.424s] running build_py
[1.424s] creating /home/pilid/ros2_ws/src/ServoYSirvo_nav2_puzzlebot/build/ServoYSirvo_nav2_puzzlebot/build
[1.424s] creating /home/pilid/ros2_ws/src/ServoYSirvo_nav2_puzzlebot/build/ServoYSirvo_nav2_puzzlebot/build/lib
[1.424s] creating /home/pilid/ros2_ws/src/ServoYSirvo_nav2_puzzlebot/build/ServoYSirvo_nav2_puzzlebot/build/lib/ServoYSirvo_nav2_puzzlebot
[1.424s] copying ServoYSirvo_nav2_puzzlebot/__init__.py -> /home/pilid/ros2_ws/src/ServoYSirvo_nav2_puzzlebot/build/ServoYSirvo_nav2_puzzlebot/build/lib/ServoYSirvo_nav2_puzzlebot
[1.424s] running install
[1.424s] running install_lib
[1.425s] creating /home/pilid/ros2_ws/src/ServoYSirvo_nav2_puzzlebot/install/ServoYSirvo_nav2_puzzlebot/lib/python3.10/site-packages/ServoYSirvo_nav2_puzzlebot
[1.425s] copying /home/pilid/ros2_ws/src/ServoYSirvo_nav2_puzzlebot/build/ServoYSirvo_nav2_puzzlebot/build/lib/ServoYSirvo_nav2_puzzlebot/__init__.py -> /home/pilid/ros2_ws/src/ServoYSirvo_nav2_puzzlebot/install/ServoYSirvo_nav2_puzzlebot/lib/python3.10/site-packages/ServoYSirvo_nav2_puzzlebot
[1.426s] byte-compiling /home/pilid/ros2_ws/src/ServoYSirvo_nav2_puzzlebot/install/ServoYSirvo_nav2_puzzlebot/lib/python3.10/site-packages/ServoYSirvo_nav2_puzzlebot/__init__.py to __init__.cpython-310.pyc
[1.426s] running install_data
[1.426s] creating /home/pilid/ros2_ws/src/ServoYSirvo_nav2_puzzlebot/install/ServoYSirvo_nav2_puzzlebot/share/ament_index
[1.427s] creating /home/pilid/ros2_ws/src/ServoYSirvo_nav2_puzzlebot/install/ServoYSirvo_nav2_puzzlebot/share/ament_index/resource_index
[1.427s] creating /home/pilid/ros2_ws/src/ServoYSirvo_nav2_puzzlebot/install/ServoYSirvo_nav2_puzzlebot/share/ament_index/resource_index/packages
[1.427s] copying resource/ServoYSirvo_nav2_puzzlebot -> /home/pilid/ros2_ws/src/ServoYSirvo_nav2_puzzlebot/install/ServoYSirvo_nav2_puzzlebot/share/ament_index/resource_index/packages
[1.427s] copying package.xml -> /home/pilid/ros2_ws/src/ServoYSirvo_nav2_puzzlebot/install/ServoYSirvo_nav2_puzzlebot/share/ServoYSirvo_nav2_puzzlebot
[1.427s] creating /home/pilid/ros2_ws/src/ServoYSirvo_nav2_puzzlebot/install/ServoYSirvo_nav2_puzzlebot/share/ServoYSirvo_nav2_puzzlebot/launch
[1.427s] copying launch/simulation_launch.py -> /home/pilid/ros2_ws/src/ServoYSirvo_nav2_puzzlebot/install/ServoYSirvo_nav2_puzzlebot/share/ServoYSirvo_nav2_puzzlebot/launch
[1.427s] creating /home/pilid/ros2_ws/src/ServoYSirvo_nav2_puzzlebot/install/ServoYSirvo_nav2_puzzlebot/share/ServoYSirvo_nav2_puzzlebot/config
[1.427s] creating /home/pilid/ros2_ws/src/ServoYSirvo_nav2_puzzlebot/install/ServoYSirvo_nav2_puzzlebot/share/ServoYSirvo_nav2_puzzlebot/config/rviz
[1.427s] creating /home/pilid/ros2_ws/src/ServoYSirvo_nav2_puzzlebot/install/ServoYSirvo_nav2_puzzlebot/share/ServoYSirvo_nav2_puzzlebot/worlds
[1.427s] running install_egg_info
[1.430s] Copying build/ServoYSirvo_nav2_puzzlebot/ServoYSirvo_nav2_puzzlebot.egg-info to /home/pilid/ros2_ws/src/ServoYSirvo_nav2_puzzlebot/install/ServoYSirvo_nav2_puzzlebot/lib/python3.10/site-packages/ServoYSirvo_nav2_puzzlebot-0.0.1-py3.10.egg-info
[1.431s] running install_scripts
[1.460s] writing list of installed files to '/home/pilid/ros2_ws/src/ServoYSirvo_nav2_puzzlebot/build/ServoYSirvo_nav2_puzzlebot/install.log'
[1.497s] Invoked command in '/home/pilid/ros2_ws/src/ServoYSirvo_nav2_puzzlebot' returned '0': PYTHONPATH=/home/pilid/ros2_ws/src/ServoYSirvo_nav2_puzzlebot/build/ServoYSirvo_nav2_puzzlebot/prefix_override:/home/pilid/ros2_ws/src/ServoYSirvo_nav2_puzzlebot/install/ServoYSirvo_nav2_puzzlebot/lib/python3.10/site-packages:${PYTHONPATH} /usr/bin/python3 -W ignore:setup.py install is deprecated setup.py egg_info --egg-base build/ServoYSirvo_nav2_puzzlebot build --build-base /home/pilid/ros2_ws/src/ServoYSirvo_nav2_puzzlebot/build/ServoYSirvo_nav2_puzzlebot/build install --record /home/pilid/ros2_ws/src/ServoYSirvo_nav2_puzzlebot/build/ServoYSirvo_nav2_puzzlebot/install.log --single-version-externally-managed install_data
