[0.081s] DEBUG:colcon:Command line arguments: ['/usr/bin/colcon', 'build']
[0.081s] DEBUG:colcon:Parsed command line arguments: Namespace(log_base=None, log_level=None, verb_name='build', build_base='build', install_base='install', merge_install=False, symlink_install=False, test_result_base=None, continue_on_error=False, executor='parallel', parallel_workers=16, event_handlers=None, ignore_user_meta=False, metas=['./colcon.meta'], base_paths=['.'], packages_ignore=None, packages_ignore_regex=None, paths=None, packages_up_to=None, packages_up_to_regex=None, packages_above=None, packages_above_and_dependencies=None, packages_above_depth=None, packages_select_by_dep=None, packages_skip_by_dep=None, packages_skip_up_to=None, packages_select_build_failed=False, packages_skip_build_finished=False, packages_select_test_failures=False, packages_skip_test_passed=False, packages_select=None, packages_skip=None, packages_select_regex=None, packages_skip_regex=None, packages_start=None, packages_end=None, allow_overriding=[], cmake_args=None, cmake_target=None, cmake_target_skip_unavailable=False, cmake_clean_cache=False, cmake_clean_first=False, cmake_force_configure=False, ament_cmake_args=None, catkin_cmake_args=None, catkin_skip_building_tests=False, mixin_files=None, mixin=None, verb_parser=<colcon_mixin.mixin.mixin_argument.MixinArgumentDecorator object at 0x74004af64760>, verb_extension=<colcon_core.verb.build.BuildVerb object at 0x74004af64220>, main=<bound method BuildVerb.main of <colcon_core.verb.build.BuildVerb object at 0x74004af64220>>, mixin_verb=('build',))
[0.229s] Level 1:colcon.colcon_core.package_discovery:discover_packages(colcon_meta) check parameters
[0.229s] Level 1:colcon.colcon_core.package_discovery:discover_packages(recursive) check parameters
[0.229s] Level 1:colcon.colcon_core.package_discovery:discover_packages(ignore) check parameters
[0.229s] Level 1:colcon.colcon_core.package_discovery:discover_packages(path) check parameters
[0.229s] Level 1:colcon.colcon_core.package_discovery:discover_packages(colcon_meta) discover
[0.229s] Level 1:colcon.colcon_core.package_discovery:discover_packages(recursive) discover
[0.229s] INFO:colcon.colcon_core.package_discovery:Crawling recursively for packages in '/home/victorn65/ros2_ws/src/ServoYSirvo_nav2_puzzlebot'
[0.230s] Level 1:colcon.colcon_core.package_identification:_identify(.) by extensions ['ignore', 'ignore_ament_install']
[0.230s] Level 1:colcon.colcon_core.package_identification:_identify(.) by extension 'ignore'
[0.230s] Level 1:colcon.colcon_core.package_identification:_identify(.) by extension 'ignore_ament_install'
[0.230s] Level 1:colcon.colcon_core.package_identification:_identify(.) by extensions ['colcon_pkg']
[0.230s] Level 1:colcon.colcon_core.package_identification:_identify(.) by extension 'colcon_pkg'
[0.230s] Level 1:colcon.colcon_core.package_identification:_identify(.) by extensions ['colcon_meta']
[0.230s] Level 1:colcon.colcon_core.package_identification:_identify(.) by extension 'colcon_meta'
[0.230s] Level 1:colcon.colcon_core.package_identification:_identify(.) by extensions ['ros']
[0.230s] Level 1:colcon.colcon_core.package_identification:_identify(.) by extension 'ros'
[0.248s] DEBUG:colcon.colcon_core.package_identification:Package '.' with type 'ros.ament_python' and name 'ServoYSirvo_nav2_puzzlebot'
[0.249s] Level 1:colcon.colcon_core.package_discovery:discover_packages(recursive) using defaults
[0.249s] Level 1:colcon.colcon_core.package_discovery:discover_packages(ignore) discover
[0.249s] Level 1:colcon.colcon_core.package_discovery:discover_packages(ignore) using defaults
[0.249s] Level 1:colcon.colcon_core.package_discovery:discover_packages(path) discover
[0.249s] Level 1:colcon.colcon_core.package_discovery:discover_packages(path) using defaults
[0.263s] Level 1:colcon.colcon_core.package_discovery:discover_packages(prefix_path) check parameters
[0.263s] Level 1:colcon.colcon_core.package_discovery:discover_packages(prefix_path) discover
[0.265s] DEBUG:colcon.colcon_installed_package_information.package_discovery:Found 7 installed packages in /home/victorn65/ros2_ws/install
[0.266s] DEBUG:colcon.colcon_installed_package_information.package_discovery:Found 458 installed packages in /opt/ros/humble
[0.268s] Level 1:colcon.colcon_core.package_discovery:discover_packages(prefix_path) using defaults
[0.308s] Level 5:colcon.colcon_core.verb:set package 'ServoYSirvo_nav2_puzzlebot' build argument 'cmake_args' from command line to 'None'
[0.308s] Level 5:colcon.colcon_core.verb:set package 'ServoYSirvo_nav2_puzzlebot' build argument 'cmake_target' from command line to 'None'
[0.308s] Level 5:colcon.colcon_core.verb:set package 'ServoYSirvo_nav2_puzzlebot' build argument 'cmake_target_skip_unavailable' from command line to 'False'
[0.308s] Level 5:colcon.colcon_core.verb:set package 'ServoYSirvo_nav2_puzzlebot' build argument 'cmake_clean_cache' from command line to 'False'
[0.308s] Level 5:colcon.colcon_core.verb:set package 'ServoYSirvo_nav2_puzzlebot' build argument 'cmake_clean_first' from command line to 'False'
[0.309s] Level 5:colcon.colcon_core.verb:set package 'ServoYSirvo_nav2_puzzlebot' build argument 'cmake_force_configure' from command line to 'False'
[0.309s] Level 5:colcon.colcon_core.verb:set package 'ServoYSirvo_nav2_puzzlebot' build argument 'ament_cmake_args' from command line to 'None'
[0.309s] Level 5:colcon.colcon_core.verb:set package 'ServoYSirvo_nav2_puzzlebot' build argument 'catkin_cmake_args' from command line to 'None'
[0.309s] Level 5:colcon.colcon_core.verb:set package 'ServoYSirvo_nav2_puzzlebot' build argument 'catkin_skip_building_tests' from command line to 'False'
[0.309s] DEBUG:colcon.colcon_core.verb:Building package 'ServoYSirvo_nav2_puzzlebot' with the following arguments: {'ament_cmake_args': None, 'build_base': '/home/victorn65/ros2_ws/src/ServoYSirvo_nav2_puzzlebot/build/ServoYSirvo_nav2_puzzlebot', 'catkin_cmake_args': None, 'catkin_skip_building_tests': False, 'cmake_args': None, 'cmake_clean_cache': False, 'cmake_clean_first': False, 'cmake_force_configure': False, 'cmake_target': None, 'cmake_target_skip_unavailable': False, 'install_base': '/home/victorn65/ros2_ws/src/ServoYSirvo_nav2_puzzlebot/install/ServoYSirvo_nav2_puzzlebot', 'merge_install': False, 'path': '/home/victorn65/ros2_ws/src/ServoYSirvo_nav2_puzzlebot', 'symlink_install': False, 'test_result_base': None}
[0.309s] INFO:colcon.colcon_core.executor:Executing jobs using 'parallel' executor
[0.310s] DEBUG:colcon.colcon_parallel_executor.executor.parallel:run_until_complete
[0.310s] INFO:colcon.colcon_ros.task.ament_python.build:Building ROS package in '/home/victorn65/ros2_ws/src/ServoYSirvo_nav2_puzzlebot' with build type 'ament_python'
[0.310s] Level 1:colcon.colcon_core.shell:create_environment_hook('ServoYSirvo_nav2_puzzlebot', 'ament_prefix_path')
[0.312s] INFO:colcon.colcon_core.plugin_system:Skipping extension 'colcon_core.shell.bat': Not used on non-Windows systems
[0.312s] INFO:colcon.colcon_core.shell:Creating environment hook '/home/victorn65/ros2_ws/src/ServoYSirvo_nav2_puzzlebot/install/ServoYSirvo_nav2_puzzlebot/share/ServoYSirvo_nav2_puzzlebot/hook/ament_prefix_path.ps1'
[0.313s] INFO:colcon.colcon_core.shell:Creating environment descriptor '/home/victorn65/ros2_ws/src/ServoYSirvo_nav2_puzzlebot/install/ServoYSirvo_nav2_puzzlebot/share/ServoYSirvo_nav2_puzzlebot/hook/ament_prefix_path.dsv'
[0.313s] INFO:colcon.colcon_core.shell:Creating environment hook '/home/victorn65/ros2_ws/src/ServoYSirvo_nav2_puzzlebot/install/ServoYSirvo_nav2_puzzlebot/share/ServoYSirvo_nav2_puzzlebot/hook/ament_prefix_path.sh'
[0.313s] INFO:colcon.colcon_core.shell:Skip shell extension 'powershell' for command environment: Not usable outside of PowerShell
[0.313s] DEBUG:colcon.colcon_core.shell:Skip shell extension 'dsv' for command environment
[0.549s] INFO:colcon.colcon_core.task.python.build:Building Python package in '/home/victorn65/ros2_ws/src/ServoYSirvo_nav2_puzzlebot'
[0.550s] INFO:colcon.colcon_core.shell:Skip shell extension 'powershell' for command environment: Not usable outside of PowerShell
[0.550s] DEBUG:colcon.colcon_core.shell:Skip shell extension 'dsv' for command environment
[0.862s] DEBUG:colcon.colcon_core.event_handler.log_command:Invoking command in '/home/victorn65/ros2_ws/src/ServoYSirvo_nav2_puzzlebot': PYTHONPATH=/home/victorn65/ros2_ws/src/ServoYSirvo_nav2_puzzlebot/build/ServoYSirvo_nav2_puzzlebot/prefix_override:/usr/lib/python3/dist-packages/colcon_core/task/python/colcon_distutils_commands:/home/victorn65/ros2_ws/src/ServoYSirvo_nav2_puzzlebot/install/ServoYSirvo_nav2_puzzlebot/lib/python3.10/site-packages:${PYTHONPATH} /usr/bin/python3 -W ignore:setup.py install is deprecated -W ignore:easy_install command is deprecated setup.py egg_info --egg-base build/ServoYSirvo_nav2_puzzlebot build --build-base /home/victorn65/ros2_ws/src/ServoYSirvo_nav2_puzzlebot/build/ServoYSirvo_nav2_puzzlebot/build install --record /home/victorn65/ros2_ws/src/ServoYSirvo_nav2_puzzlebot/build/ServoYSirvo_nav2_puzzlebot/install.log --single-version-externally-managed install_data
[1.248s] DEBUG:colcon.colcon_core.event_handler.log_command:Invoked command in '/home/victorn65/ros2_ws/src/ServoYSirvo_nav2_puzzlebot' returned '0': PYTHONPATH=/home/victorn65/ros2_ws/src/ServoYSirvo_nav2_puzzlebot/build/ServoYSirvo_nav2_puzzlebot/prefix_override:/usr/lib/python3/dist-packages/colcon_core/task/python/colcon_distutils_commands:/home/victorn65/ros2_ws/src/ServoYSirvo_nav2_puzzlebot/install/ServoYSirvo_nav2_puzzlebot/lib/python3.10/site-packages:${PYTHONPATH} /usr/bin/python3 -W ignore:setup.py install is deprecated -W ignore:easy_install command is deprecated setup.py egg_info --egg-base build/ServoYSirvo_nav2_puzzlebot build --build-base /home/victorn65/ros2_ws/src/ServoYSirvo_nav2_puzzlebot/build/ServoYSirvo_nav2_puzzlebot/build install --record /home/victorn65/ros2_ws/src/ServoYSirvo_nav2_puzzlebot/build/ServoYSirvo_nav2_puzzlebot/install.log --single-version-externally-managed install_data
[1.249s] Level 1:colcon.colcon_core.environment:checking '/home/victorn65/ros2_ws/src/ServoYSirvo_nav2_puzzlebot/install/ServoYSirvo_nav2_puzzlebot' for CMake module files
[1.250s] Level 1:colcon.colcon_core.environment:checking '/home/victorn65/ros2_ws/src/ServoYSirvo_nav2_puzzlebot/install/ServoYSirvo_nav2_puzzlebot' for CMake config files
[1.252s] Level 1:colcon.colcon_core.environment:checking '/home/victorn65/ros2_ws/src/ServoYSirvo_nav2_puzzlebot/install/ServoYSirvo_nav2_puzzlebot/lib'
[1.253s] Level 1:colcon.colcon_core.environment:checking '/home/victorn65/ros2_ws/src/ServoYSirvo_nav2_puzzlebot/install/ServoYSirvo_nav2_puzzlebot/bin'
[1.253s] Level 1:colcon.colcon_core.environment:checking '/home/victorn65/ros2_ws/src/ServoYSirvo_nav2_puzzlebot/install/ServoYSirvo_nav2_puzzlebot/lib/pkgconfig/ServoYSirvo_nav2_puzzlebot.pc'
[1.253s] Level 1:colcon.colcon_core.environment:checking '/home/victorn65/ros2_ws/src/ServoYSirvo_nav2_puzzlebot/install/ServoYSirvo_nav2_puzzlebot/lib/python3.10/site-packages'
[1.253s] Level 1:colcon.colcon_core.shell:create_environment_hook('ServoYSirvo_nav2_puzzlebot', 'pythonpath')
[1.253s] INFO:colcon.colcon_core.shell:Creating environment hook '/home/victorn65/ros2_ws/src/ServoYSirvo_nav2_puzzlebot/install/ServoYSirvo_nav2_puzzlebot/share/ServoYSirvo_nav2_puzzlebot/hook/pythonpath.ps1'
[1.254s] INFO:colcon.colcon_core.shell:Creating environment descriptor '/home/victorn65/ros2_ws/src/ServoYSirvo_nav2_puzzlebot/install/ServoYSirvo_nav2_puzzlebot/share/ServoYSirvo_nav2_puzzlebot/hook/pythonpath.dsv'
[1.254s] INFO:colcon.colcon_core.shell:Creating environment hook '/home/victorn65/ros2_ws/src/ServoYSirvo_nav2_puzzlebot/install/ServoYSirvo_nav2_puzzlebot/share/ServoYSirvo_nav2_puzzlebot/hook/pythonpath.sh'
[1.254s] Level 1:colcon.colcon_core.environment:checking '/home/victorn65/ros2_ws/src/ServoYSirvo_nav2_puzzlebot/install/ServoYSirvo_nav2_puzzlebot/bin'
[1.254s] Level 1:colcon.colcon_core.environment:create_environment_scripts_only(ServoYSirvo_nav2_puzzlebot)
[1.254s] INFO:colcon.colcon_core.shell:Creating package script '/home/victorn65/ros2_ws/src/ServoYSirvo_nav2_puzzlebot/install/ServoYSirvo_nav2_puzzlebot/share/ServoYSirvo_nav2_puzzlebot/package.ps1'
[1.255s] INFO:colcon.colcon_core.shell:Creating package descriptor '/home/victorn65/ros2_ws/src/ServoYSirvo_nav2_puzzlebot/install/ServoYSirvo_nav2_puzzlebot/share/ServoYSirvo_nav2_puzzlebot/package.dsv'
[1.255s] INFO:colcon.colcon_core.shell:Creating package script '/home/victorn65/ros2_ws/src/ServoYSirvo_nav2_puzzlebot/install/ServoYSirvo_nav2_puzzlebot/share/ServoYSirvo_nav2_puzzlebot/package.sh'
[1.256s] INFO:colcon.colcon_core.shell:Creating package script '/home/victorn65/ros2_ws/src/ServoYSirvo_nav2_puzzlebot/install/ServoYSirvo_nav2_puzzlebot/share/ServoYSirvo_nav2_puzzlebot/package.bash'
[1.256s] INFO:colcon.colcon_core.shell:Creating package script '/home/victorn65/ros2_ws/src/ServoYSirvo_nav2_puzzlebot/install/ServoYSirvo_nav2_puzzlebot/share/ServoYSirvo_nav2_puzzlebot/package.zsh'
[1.257s] Level 1:colcon.colcon_core.environment:create_file_with_runtime_dependencies(/home/victorn65/ros2_ws/src/ServoYSirvo_nav2_puzzlebot/install/ServoYSirvo_nav2_puzzlebot/share/colcon-core/packages/ServoYSirvo_nav2_puzzlebot)
[1.257s] DEBUG:colcon.colcon_parallel_executor.executor.parallel:closing loop
[1.257s] DEBUG:colcon.colcon_parallel_executor.executor.parallel:loop closed
[1.257s] DEBUG:colcon.colcon_parallel_executor.executor.parallel:run_until_complete finished with '0'
[1.258s] DEBUG:colcon.colcon_core.event_reactor:joining thread
[1.261s] INFO:colcon.colcon_core.plugin_system:Skipping extension 'colcon_notification.desktop_notification.terminal_notifier': Not used on non-Darwin systems
[1.261s] INFO:colcon.colcon_core.plugin_system:Skipping extension 'colcon_notification.desktop_notification.win32': Not used on non-Windows systems
[1.261s] INFO:colcon.colcon_notification.desktop_notification:Sending desktop notification using 'notify2'
[1.273s] DEBUG:colcon.colcon_core.event_reactor:joined thread
[1.273s] INFO:colcon.colcon_core.shell:Creating prefix script '/home/victorn65/ros2_ws/src/ServoYSirvo_nav2_puzzlebot/install/local_setup.ps1'
[1.274s] INFO:colcon.colcon_core.shell:Creating prefix util module '/home/victorn65/ros2_ws/src/ServoYSirvo_nav2_puzzlebot/install/_local_setup_util_ps1.py'
[1.275s] INFO:colcon.colcon_core.shell:Creating prefix chain script '/home/victorn65/ros2_ws/src/ServoYSirvo_nav2_puzzlebot/install/setup.ps1'
[1.276s] INFO:colcon.colcon_core.shell:Creating prefix script '/home/victorn65/ros2_ws/src/ServoYSirvo_nav2_puzzlebot/install/local_setup.sh'
[1.276s] INFO:colcon.colcon_core.shell:Creating prefix util module '/home/victorn65/ros2_ws/src/ServoYSirvo_nav2_puzzlebot/install/_local_setup_util_sh.py'
[1.276s] INFO:colcon.colcon_core.shell:Creating prefix chain script '/home/victorn65/ros2_ws/src/ServoYSirvo_nav2_puzzlebot/install/setup.sh'
[1.277s] INFO:colcon.colcon_core.shell:Creating prefix script '/home/victorn65/ros2_ws/src/ServoYSirvo_nav2_puzzlebot/install/local_setup.bash'
[1.277s] INFO:colcon.colcon_core.shell:Creating prefix chain script '/home/victorn65/ros2_ws/src/ServoYSirvo_nav2_puzzlebot/install/setup.bash'
[1.278s] INFO:colcon.colcon_core.shell:Creating prefix script '/home/victorn65/ros2_ws/src/ServoYSirvo_nav2_puzzlebot/install/local_setup.zsh'
[1.278s] INFO:colcon.colcon_core.shell:Creating prefix chain script '/home/victorn65/ros2_ws/src/ServoYSirvo_nav2_puzzlebot/install/setup.zsh'
