[0.163s] DEBUG:colcon:Command line arguments: ['/usr/bin/colcon', 'build']
[0.163s] DEBUG:colcon:Parsed command line arguments: Namespace(log_base=None, log_level=None, verb_name='build', build_base='build', install_base='install', merge_install=False, symlink_install=False, test_result_base=None, continue_on_error=False, executor='parallel', parallel_workers=8, event_handlers=None, ignore_user_meta=False, metas=['./colcon.meta'], base_paths=['.'], packages_ignore=None, packages_ignore_regex=None, paths=None, packages_up_to=None, packages_up_to_regex=None, packages_above=None, packages_above_and_dependencies=None, packages_above_depth=None, packages_select_by_dep=None, packages_skip_by_dep=None, packages_skip_up_to=None, packages_select_build_failed=False, packages_skip_build_finished=False, packages_select_test_failures=False, packages_skip_test_passed=False, packages_select=None, packages_skip=None, packages_select_regex=None, packages_skip_regex=None, packages_start=None, packages_end=None, allow_overriding=[], cmake_args=None, cmake_target=None, cmake_target_skip_unavailable=False, cmake_clean_cache=False, cmake_clean_first=False, cmake_force_configure=False, ament_cmake_args=None, catkin_cmake_args=None, catkin_skip_building_tests=False, mixin_files=None, mixin=None, verb_parser=<colcon_mixin.mixin.mixin_argument.MixinArgumentDecorator object at 0x7e04dbc59b40>, verb_extension=<colcon_core.verb.build.BuildVerb object at 0x7e04dbd4a140>, main=<bound method BuildVerb.main of <colcon_core.verb.build.BuildVerb object at 0x7e04dbd4a140>>, mixin_verb=('build',))
[0.420s] Level 1:colcon.colcon_core.package_discovery:discover_packages(colcon_meta) check parameters
[0.420s] Level 1:colcon.colcon_core.package_discovery:discover_packages(recursive) check parameters
[0.420s] Level 1:colcon.colcon_core.package_discovery:discover_packages(ignore) check parameters
[0.421s] Level 1:colcon.colcon_core.package_discovery:discover_packages(path) check parameters
[0.421s] Level 1:colcon.colcon_core.package_discovery:discover_packages(colcon_meta) discover
[0.421s] Level 1:colcon.colcon_core.package_discovery:discover_packages(recursive) discover
[0.421s] INFO:colcon.colcon_core.package_discovery:Crawling recursively for packages in '/home/pilid/ros2_ws/src/ServoYSirvo_nav2_puzzlebot'
[0.421s] Level 1:colcon.colcon_core.package_identification:_identify(.) by extensions ['ignore', 'ignore_ament_install']
[0.421s] Level 1:colcon.colcon_core.package_identification:_identify(.) by extension 'ignore'
[0.421s] Level 1:colcon.colcon_core.package_identification:_identify(.) by extension 'ignore_ament_install'
[0.421s] Level 1:colcon.colcon_core.package_identification:_identify(.) by extensions ['colcon_pkg']
[0.421s] Level 1:colcon.colcon_core.package_identification:_identify(.) by extension 'colcon_pkg'
[0.421s] Level 1:colcon.colcon_core.package_identification:_identify(.) by extensions ['colcon_meta']
[0.421s] Level 1:colcon.colcon_core.package_identification:_identify(.) by extension 'colcon_meta'
[0.421s] Level 1:colcon.colcon_core.package_identification:_identify(.) by extensions ['ros']
[0.421s] Level 1:colcon.colcon_core.package_identification:_identify(.) by extension 'ros'
[0.455s] DEBUG:colcon.colcon_core.package_identification:Package '.' with type 'ros.ament_python' and name 'ServoYSirvo_nav2_puzzlebot'
[0.455s] Level 1:colcon.colcon_core.package_discovery:discover_packages(recursive) using defaults
[0.455s] Level 1:colcon.colcon_core.package_discovery:discover_packages(ignore) discover
[0.455s] Level 1:colcon.colcon_core.package_discovery:discover_packages(ignore) using defaults
[0.455s] Level 1:colcon.colcon_core.package_discovery:discover_packages(path) discover
[0.455s] Level 1:colcon.colcon_core.package_discovery:discover_packages(path) using defaults
[0.488s] Level 1:colcon.colcon_core.package_discovery:discover_packages(prefix_path) check parameters
[0.488s] Level 1:colcon.colcon_core.package_discovery:discover_packages(prefix_path) discover
[0.492s] DEBUG:colcon.colcon_installed_package_information.package_discovery:Found 2 installed packages in /home/pilid/ros2_ws/install
[0.495s] DEBUG:colcon.colcon_installed_package_information.package_discovery:Found 425 installed packages in /opt/ros/humble
[0.499s] Level 1:colcon.colcon_core.package_discovery:discover_packages(prefix_path) using defaults
[0.569s] Level 5:colcon.colcon_core.verb:set package 'ServoYSirvo_nav2_puzzlebot' build argument 'cmake_args' from command line to 'None'
[0.569s] Level 5:colcon.colcon_core.verb:set package 'ServoYSirvo_nav2_puzzlebot' build argument 'cmake_target' from command line to 'None'
[0.569s] Level 5:colcon.colcon_core.verb:set package 'ServoYSirvo_nav2_puzzlebot' build argument 'cmake_target_skip_unavailable' from command line to 'False'
[0.569s] Level 5:colcon.colcon_core.verb:set package 'ServoYSirvo_nav2_puzzlebot' build argument 'cmake_clean_cache' from command line to 'False'
[0.569s] Level 5:colcon.colcon_core.verb:set package 'ServoYSirvo_nav2_puzzlebot' build argument 'cmake_clean_first' from command line to 'False'
[0.569s] Level 5:colcon.colcon_core.verb:set package 'ServoYSirvo_nav2_puzzlebot' build argument 'cmake_force_configure' from command line to 'False'
[0.569s] Level 5:colcon.colcon_core.verb:set package 'ServoYSirvo_nav2_puzzlebot' build argument 'ament_cmake_args' from command line to 'None'
[0.569s] Level 5:colcon.colcon_core.verb:set package 'ServoYSirvo_nav2_puzzlebot' build argument 'catkin_cmake_args' from command line to 'None'
[0.569s] Level 5:colcon.colcon_core.verb:set package 'ServoYSirvo_nav2_puzzlebot' build argument 'catkin_skip_building_tests' from command line to 'False'
[0.569s] DEBUG:colcon.colcon_core.verb:Building package 'ServoYSirvo_nav2_puzzlebot' with the following arguments: {'ament_cmake_args': None, 'build_base': '/home/pilid/ros2_ws/src/ServoYSirvo_nav2_puzzlebot/build/ServoYSirvo_nav2_puzzlebot', 'catkin_cmake_args': None, 'catkin_skip_building_tests': False, 'cmake_args': None, 'cmake_clean_cache': False, 'cmake_clean_first': False, 'cmake_force_configure': False, 'cmake_target': None, 'cmake_target_skip_unavailable': False, 'install_base': '/home/pilid/ros2_ws/src/ServoYSirvo_nav2_puzzlebot/install/ServoYSirvo_nav2_puzzlebot', 'merge_install': False, 'path': '/home/pilid/ros2_ws/src/ServoYSirvo_nav2_puzzlebot', 'symlink_install': False, 'test_result_base': None}
[0.570s] INFO:colcon.colcon_core.executor:Executing jobs using 'parallel' executor
[0.571s] DEBUG:colcon.colcon_parallel_executor.executor.parallel:run_until_complete
[0.572s] INFO:colcon.colcon_ros.task.ament_python.build:Building ROS package in '/home/pilid/ros2_ws/src/ServoYSirvo_nav2_puzzlebot' with build type 'ament_python'
[0.572s] Level 1:colcon.colcon_core.shell:create_environment_hook('ServoYSirvo_nav2_puzzlebot', 'ament_prefix_path')
[0.575s] INFO:colcon.colcon_core.plugin_system:Skipping extension 'colcon_core.shell.bat': Not used on non-Windows systems
[0.576s] INFO:colcon.colcon_core.shell:Creating environment hook '/home/pilid/ros2_ws/src/ServoYSirvo_nav2_puzzlebot/install/ServoYSirvo_nav2_puzzlebot/share/ServoYSirvo_nav2_puzzlebot/hook/ament_prefix_path.ps1'
[0.577s] INFO:colcon.colcon_core.shell:Creating environment descriptor '/home/pilid/ros2_ws/src/ServoYSirvo_nav2_puzzlebot/install/ServoYSirvo_nav2_puzzlebot/share/ServoYSirvo_nav2_puzzlebot/hook/ament_prefix_path.dsv'
[0.578s] INFO:colcon.colcon_core.shell:Creating environment hook '/home/pilid/ros2_ws/src/ServoYSirvo_nav2_puzzlebot/install/ServoYSirvo_nav2_puzzlebot/share/ServoYSirvo_nav2_puzzlebot/hook/ament_prefix_path.sh'
[0.579s] INFO:colcon.colcon_core.shell:Skip shell extension 'powershell' for command environment: Not usable outside of PowerShell
[0.579s] DEBUG:colcon.colcon_core.shell:Skip shell extension 'dsv' for command environment
[0.971s] INFO:colcon.colcon_core.task.python.build:Building Python package in '/home/pilid/ros2_ws/src/ServoYSirvo_nav2_puzzlebot'
[0.971s] INFO:colcon.colcon_core.shell:Skip shell extension 'powershell' for command environment: Not usable outside of PowerShell
[0.971s] DEBUG:colcon.colcon_core.shell:Skip shell extension 'dsv' for command environment
[1.602s] DEBUG:colcon.colcon_core.event_handler.log_command:Invoking command in '/home/pilid/ros2_ws/src/ServoYSirvo_nav2_puzzlebot': PYTHONPATH=/home/pilid/ros2_ws/src/ServoYSirvo_nav2_puzzlebot/build/ServoYSirvo_nav2_puzzlebot/prefix_override:/home/pilid/ros2_ws/src/ServoYSirvo_nav2_puzzlebot/install/ServoYSirvo_nav2_puzzlebot/lib/python3.10/site-packages:${PYTHONPATH} /usr/bin/python3 -W ignore:setup.py install is deprecated setup.py egg_info --egg-base build/ServoYSirvo_nav2_puzzlebot build --build-base /home/pilid/ros2_ws/src/ServoYSirvo_nav2_puzzlebot/build/ServoYSirvo_nav2_puzzlebot/build install --record /home/pilid/ros2_ws/src/ServoYSirvo_nav2_puzzlebot/build/ServoYSirvo_nav2_puzzlebot/install.log --single-version-externally-managed install_data
[2.069s] DEBUG:colcon.colcon_core.event_handler.log_command:Invoked command in '/home/pilid/ros2_ws/src/ServoYSirvo_nav2_puzzlebot' returned '0': PYTHONPATH=/home/pilid/ros2_ws/src/ServoYSirvo_nav2_puzzlebot/build/ServoYSirvo_nav2_puzzlebot/prefix_override:/home/pilid/ros2_ws/src/ServoYSirvo_nav2_puzzlebot/install/ServoYSirvo_nav2_puzzlebot/lib/python3.10/site-packages:${PYTHONPATH} /usr/bin/python3 -W ignore:setup.py install is deprecated setup.py egg_info --egg-base build/ServoYSirvo_nav2_puzzlebot build --build-base /home/pilid/ros2_ws/src/ServoYSirvo_nav2_puzzlebot/build/ServoYSirvo_nav2_puzzlebot/build install --record /home/pilid/ros2_ws/src/ServoYSirvo_nav2_puzzlebot/build/ServoYSirvo_nav2_puzzlebot/install.log --single-version-externally-managed install_data
[2.077s] Level 1:colcon.colcon_core.environment:checking '/home/pilid/ros2_ws/src/ServoYSirvo_nav2_puzzlebot/install/ServoYSirvo_nav2_puzzlebot' for CMake module files
[2.078s] Level 1:colcon.colcon_core.environment:checking '/home/pilid/ros2_ws/src/ServoYSirvo_nav2_puzzlebot/install/ServoYSirvo_nav2_puzzlebot' for CMake config files
[2.080s] Level 1:colcon.colcon_core.environment:checking '/home/pilid/ros2_ws/src/ServoYSirvo_nav2_puzzlebot/install/ServoYSirvo_nav2_puzzlebot/lib'
[2.080s] Level 1:colcon.colcon_core.environment:checking '/home/pilid/ros2_ws/src/ServoYSirvo_nav2_puzzlebot/install/ServoYSirvo_nav2_puzzlebot/bin'
[2.080s] Level 1:colcon.colcon_core.environment:checking '/home/pilid/ros2_ws/src/ServoYSirvo_nav2_puzzlebot/install/ServoYSirvo_nav2_puzzlebot/lib/pkgconfig/ServoYSirvo_nav2_puzzlebot.pc'
[2.081s] Level 1:colcon.colcon_core.environment:checking '/home/pilid/ros2_ws/src/ServoYSirvo_nav2_puzzlebot/install/ServoYSirvo_nav2_puzzlebot/lib/python3.10/site-packages'
[2.081s] Level 1:colcon.colcon_core.shell:create_environment_hook('ServoYSirvo_nav2_puzzlebot', 'pythonpath')
[2.081s] INFO:colcon.colcon_core.shell:Creating environment hook '/home/pilid/ros2_ws/src/ServoYSirvo_nav2_puzzlebot/install/ServoYSirvo_nav2_puzzlebot/share/ServoYSirvo_nav2_puzzlebot/hook/pythonpath.ps1'
[2.082s] INFO:colcon.colcon_core.shell:Creating environment descriptor '/home/pilid/ros2_ws/src/ServoYSirvo_nav2_puzzlebot/install/ServoYSirvo_nav2_puzzlebot/share/ServoYSirvo_nav2_puzzlebot/hook/pythonpath.dsv'
[2.082s] INFO:colcon.colcon_core.shell:Creating environment hook '/home/pilid/ros2_ws/src/ServoYSirvo_nav2_puzzlebot/install/ServoYSirvo_nav2_puzzlebot/share/ServoYSirvo_nav2_puzzlebot/hook/pythonpath.sh'
[2.083s] Level 1:colcon.colcon_core.environment:checking '/home/pilid/ros2_ws/src/ServoYSirvo_nav2_puzzlebot/install/ServoYSirvo_nav2_puzzlebot/bin'
[2.083s] Level 1:colcon.colcon_core.environment:create_environment_scripts_only(ServoYSirvo_nav2_puzzlebot)
[2.084s] INFO:colcon.colcon_core.shell:Creating package script '/home/pilid/ros2_ws/src/ServoYSirvo_nav2_puzzlebot/install/ServoYSirvo_nav2_puzzlebot/share/ServoYSirvo_nav2_puzzlebot/package.ps1'
[2.085s] INFO:colcon.colcon_core.shell:Creating package descriptor '/home/pilid/ros2_ws/src/ServoYSirvo_nav2_puzzlebot/install/ServoYSirvo_nav2_puzzlebot/share/ServoYSirvo_nav2_puzzlebot/package.dsv'
[2.086s] INFO:colcon.colcon_core.shell:Creating package script '/home/pilid/ros2_ws/src/ServoYSirvo_nav2_puzzlebot/install/ServoYSirvo_nav2_puzzlebot/share/ServoYSirvo_nav2_puzzlebot/package.sh'
[2.088s] INFO:colcon.colcon_core.shell:Creating package script '/home/pilid/ros2_ws/src/ServoYSirvo_nav2_puzzlebot/install/ServoYSirvo_nav2_puzzlebot/share/ServoYSirvo_nav2_puzzlebot/package.bash'
[2.089s] INFO:colcon.colcon_core.shell:Creating package script '/home/pilid/ros2_ws/src/ServoYSirvo_nav2_puzzlebot/install/ServoYSirvo_nav2_puzzlebot/share/ServoYSirvo_nav2_puzzlebot/package.zsh'
[2.090s] Level 1:colcon.colcon_core.environment:create_file_with_runtime_dependencies(/home/pilid/ros2_ws/src/ServoYSirvo_nav2_puzzlebot/install/ServoYSirvo_nav2_puzzlebot/share/colcon-core/packages/ServoYSirvo_nav2_puzzlebot)
[2.091s] DEBUG:colcon.colcon_parallel_executor.executor.parallel:closing loop
[2.091s] DEBUG:colcon.colcon_parallel_executor.executor.parallel:loop closed
[2.091s] DEBUG:colcon.colcon_parallel_executor.executor.parallel:run_until_complete finished with '0'
[2.091s] DEBUG:colcon.colcon_core.event_reactor:joining thread
[2.100s] INFO:colcon.colcon_core.plugin_system:Skipping extension 'colcon_notification.desktop_notification.terminal_notifier': Not used on non-Darwin systems
[2.100s] INFO:colcon.colcon_core.plugin_system:Skipping extension 'colcon_notification.desktop_notification.win32': Not used on non-Windows systems
[2.100s] INFO:colcon.colcon_notification.desktop_notification:Sending desktop notification using 'notify2'
[2.129s] DEBUG:colcon.colcon_core.event_reactor:joined thread
[2.130s] INFO:colcon.colcon_core.shell:Creating prefix script '/home/pilid/ros2_ws/src/ServoYSirvo_nav2_puzzlebot/install/local_setup.ps1'
[2.132s] INFO:colcon.colcon_core.shell:Creating prefix util module '/home/pilid/ros2_ws/src/ServoYSirvo_nav2_puzzlebot/install/_local_setup_util_ps1.py'
[2.134s] INFO:colcon.colcon_core.shell:Creating prefix chain script '/home/pilid/ros2_ws/src/ServoYSirvo_nav2_puzzlebot/install/setup.ps1'
[2.136s] INFO:colcon.colcon_core.shell:Creating prefix script '/home/pilid/ros2_ws/src/ServoYSirvo_nav2_puzzlebot/install/local_setup.sh'
[2.137s] INFO:colcon.colcon_core.shell:Creating prefix util module '/home/pilid/ros2_ws/src/ServoYSirvo_nav2_puzzlebot/install/_local_setup_util_sh.py'
[2.138s] INFO:colcon.colcon_core.shell:Creating prefix chain script '/home/pilid/ros2_ws/src/ServoYSirvo_nav2_puzzlebot/install/setup.sh'
[2.140s] INFO:colcon.colcon_core.shell:Creating prefix script '/home/pilid/ros2_ws/src/ServoYSirvo_nav2_puzzlebot/install/local_setup.bash'
[2.141s] INFO:colcon.colcon_core.shell:Creating prefix chain script '/home/pilid/ros2_ws/src/ServoYSirvo_nav2_puzzlebot/install/setup.bash'
[2.142s] INFO:colcon.colcon_core.shell:Creating prefix script '/home/pilid/ros2_ws/src/ServoYSirvo_nav2_puzzlebot/install/local_setup.zsh'
[2.143s] INFO:colcon.colcon_core.shell:Creating prefix chain script '/home/pilid/ros2_ws/src/ServoYSirvo_nav2_puzzlebot/install/setup.zsh'
